This is pdfTeX, Version 3.14159265-2.6-1.40.16 (MiKTeX 2.9 64-bit) (preloaded format=pdflatex 2016.8.17)  11 MAY 2017 15:40
entering extended mode
**C:/Users/diane.von-gunten/HABBY/doc/_build/latex/HABBY.tex
(C:/Users/diane.von-gunten/HABBY/doc/_build/latex/HABBY.tex
LaTeX2e <2015/10/01> patch level 2
Babel <3.9n> and hyphenation patterns for 69 languages loaded.
(sphinxmanual.cls
Document Class: sphinxmanual 2016/10/12 v1.5 Document class (Sphinx manual)
("C:\Program Files\MiKTeX 2.9\tex\latex\base\report.cls"
Document Class: report 2014/09/29 v1.4h Standard LaTeX document class
("C:\Program Files\MiKTeX 2.9\tex\latex\base\size10.clo"
File: size10.clo 2014/09/29 v1.4h Standard LaTeX file (size option)
)
\c@part=\count79
\c@chapter=\count80
\c@section=\count81
\c@subsection=\count82
\c@subsubsection=\count83
\c@paragraph=\count84
\c@subparagraph=\count85
\c@figure=\count86
\c@table=\count87
\abovecaptionskip=\skip41
\belowcaptionskip=\skip42
\bibindent=\dimen102
))
("C:\Program Files\MiKTeX 2.9\tex\latex\geometry\geometry.sty"
Package: geometry 2010/09/12 v5.6 Page Geometry

("C:\Program Files\MiKTeX 2.9\tex\latex\graphics\keyval.sty"
Package: keyval 2014/10/28 v1.15 key=value parser (DPC)
\KV@toks@=\toks14
)
("C:\Program Files\MiKTeX 2.9\tex\generic\oberdiek\ifpdf.sty"
Package: ifpdf 2011/01/30 v2.3 Provides the ifpdf switch (HO)
Package ifpdf Info: pdfTeX in PDF mode is detected.
)
("C:\Program Files\MiKTeX 2.9\tex\generic\oberdiek\ifvtex.sty"
Package: ifvtex 2010/03/01 v1.5 Detect VTeX and its facilities (HO)
Package ifvtex Info: VTeX not detected.
)
("C:\Program Files\MiKTeX 2.9\tex\generic\ifxetex\ifxetex.sty"
Package: ifxetex 2010/09/12 v0.6 Provides ifxetex conditional
)
\Gm@cnth=\count88
\Gm@cntv=\count89
\c@Gm@tempcnt=\count90
\Gm@bindingoffset=\dimen103
\Gm@wd@mp=\dimen104
\Gm@odd@mp=\dimen105
\Gm@even@mp=\dimen106
\Gm@layoutwidth=\dimen107
\Gm@layoutheight=\dimen108
\Gm@layouthoffset=\dimen109
\Gm@layoutvoffset=\dimen110
\Gm@dimlist=\toks15

("C:\Program Files\MiKTeX 2.9\tex\latex\geometry\geometry.cfg"))
("C:\Program Files\MiKTeX 2.9\tex\latex\base\inputenc.sty"
Package: inputenc 2015/03/17 v1.2c Input encoding file
\inpenc@prehook=\toks16
\inpenc@posthook=\toks17

("C:\Program Files\MiKTeX 2.9\tex\latex\base\utf8.def"
File: utf8.def 2015/09/07 v1.1p UTF-8 support for inputenc
Now handling font encoding OML ...
... no UTF-8 mapping file for font encoding OML
Now handling font encoding T1 ...
... processing UTF-8 mapping file for font encoding T1

("C:\Program Files\MiKTeX 2.9\tex\latex\base\t1enc.dfu"
File: t1enc.dfu 2015/09/07 v1.1p UTF-8 support for inputenc
   defining Unicode char U+00A0 (decimal 160)
   defining Unicode char U+00A1 (decimal 161)
   defining Unicode char U+00A3 (decimal 163)
   defining Unicode char U+00AB (decimal 171)
   defining Unicode char U+00AD (decimal 173)
   defining Unicode char U+00BB (decimal 187)
   defining Unicode char U+00BF (decimal 191)
   defining Unicode char U+00C0 (decimal 192)
   defining Unicode char U+00C1 (decimal 193)
   defining Unicode char U+00C2 (decimal 194)
   defining Unicode char U+00C3 (decimal 195)
   defining Unicode char U+00C4 (decimal 196)
   defining Unicode char U+00C5 (decimal 197)
   defining Unicode char U+00C6 (decimal 198)
   defining Unicode char U+00C7 (decimal 199)
   defining Unicode char U+00C8 (decimal 200)
   defining Unicode char U+00C9 (decimal 201)
   defining Unicode char U+00CA (decimal 202)
   defining Unicode char U+00CB (decimal 203)
   defining Unicode char U+00CC (decimal 204)
   defining Unicode char U+00CD (decimal 205)
   defining Unicode char U+00CE (decimal 206)
   defining Unicode char U+00CF (decimal 207)
   defining Unicode char U+00D0 (decimal 208)
   defining Unicode char U+00D1 (decimal 209)
   defining Unicode char U+00D2 (decimal 210)
   defining Unicode char U+00D3 (decimal 211)
   defining Unicode char U+00D4 (decimal 212)
   defining Unicode char U+00D5 (decimal 213)
   defining Unicode char U+00D6 (decimal 214)
   defining Unicode char U+00D8 (decimal 216)
   defining Unicode char U+00D9 (decimal 217)
   defining Unicode char U+00DA (decimal 218)
   defining Unicode char U+00DB (decimal 219)
   defining Unicode char U+00DC (decimal 220)
   defining Unicode char U+00DD (decimal 221)
   defining Unicode char U+00DE (decimal 222)
   defining Unicode char U+00DF (decimal 223)
   defining Unicode char U+00E0 (decimal 224)
   defining Unicode char U+00E1 (decimal 225)
   defining Unicode char U+00E2 (decimal 226)
   defining Unicode char U+00E3 (decimal 227)
   defining Unicode char U+00E4 (decimal 228)
   defining Unicode char U+00E5 (decimal 229)
   defining Unicode char U+00E6 (decimal 230)
   defining Unicode char U+00E7 (decimal 231)
   defining Unicode char U+00E8 (decimal 232)
   defining Unicode char U+00E9 (decimal 233)
   defining Unicode char U+00EA (decimal 234)
   defining Unicode char U+00EB (decimal 235)
   defining Unicode char U+00EC (decimal 236)
   defining Unicode char U+00ED (decimal 237)
   defining Unicode char U+00EE (decimal 238)
   defining Unicode char U+00EF (decimal 239)
   defining Unicode char U+00F0 (decimal 240)
   defining Unicode char U+00F1 (decimal 241)
   defining Unicode char U+00F2 (decimal 242)
   defining Unicode char U+00F3 (decimal 243)
   defining Unicode char U+00F4 (decimal 244)
   defining Unicode char U+00F5 (decimal 245)
   defining Unicode char U+00F6 (decimal 246)
   defining Unicode char U+00F8 (decimal 248)
   defining Unicode char U+00F9 (decimal 249)
   defining Unicode char U+00FA (decimal 250)
   defining Unicode char U+00FB (decimal 251)
   defining Unicode char U+00FC (decimal 252)
   defining Unicode char U+00FD (decimal 253)
   defining Unicode char U+00FE (decimal 254)
   defining Unicode char U+00FF (decimal 255)
   defining Unicode char U+0102 (decimal 258)
   defining Unicode char U+0103 (decimal 259)
   defining Unicode char U+0104 (decimal 260)
   defining Unicode char U+0105 (decimal 261)
   defining Unicode char U+0106 (decimal 262)
   defining Unicode char U+0107 (decimal 263)
   defining Unicode char U+010C (decimal 268)
   defining Unicode char U+010D (decimal 269)
   defining Unicode char U+010E (decimal 270)
   defining Unicode char U+010F (decimal 271)
   defining Unicode char U+0110 (decimal 272)
   defining Unicode char U+0111 (decimal 273)
   defining Unicode char U+0118 (decimal 280)
   defining Unicode char U+0119 (decimal 281)
   defining Unicode char U+011A (decimal 282)
   defining Unicode char U+011B (decimal 283)
   defining Unicode char U+011E (decimal 286)
   defining Unicode char U+011F (decimal 287)
   defining Unicode char U+0130 (decimal 304)
   defining Unicode char U+0131 (decimal 305)
   defining Unicode char U+0132 (decimal 306)
   defining Unicode char U+0133 (decimal 307)
   defining Unicode char U+0139 (decimal 313)
   defining Unicode char U+013A (decimal 314)
   defining Unicode char U+013D (decimal 317)
   defining Unicode char U+013E (decimal 318)
   defining Unicode char U+0141 (decimal 321)
   defining Unicode char U+0142 (decimal 322)
   defining Unicode char U+0143 (decimal 323)
   defining Unicode char U+0144 (decimal 324)
   defining Unicode char U+0147 (decimal 327)
   defining Unicode char U+0148 (decimal 328)
   defining Unicode char U+014A (decimal 330)
   defining Unicode char U+014B (decimal 331)
   defining Unicode char U+0150 (decimal 336)
   defining Unicode char U+0151 (decimal 337)
   defining Unicode char U+0152 (decimal 338)
   defining Unicode char U+0153 (decimal 339)
   defining Unicode char U+0154 (decimal 340)
   defining Unicode char U+0155 (decimal 341)
   defining Unicode char U+0158 (decimal 344)
   defining Unicode char U+0159 (decimal 345)
   defining Unicode char U+015A (decimal 346)
   defining Unicode char U+015B (decimal 347)
   defining Unicode char U+015E (decimal 350)
   defining Unicode char U+015F (decimal 351)
   defining Unicode char U+0160 (decimal 352)
   defining Unicode char U+0161 (decimal 353)
   defining Unicode char U+0162 (decimal 354)
   defining Unicode char U+0163 (decimal 355)
   defining Unicode char U+0164 (decimal 356)
   defining Unicode char U+0165 (decimal 357)
   defining Unicode char U+016E (decimal 366)
   defining Unicode char U+016F (decimal 367)
   defining Unicode char U+0170 (decimal 368)
   defining Unicode char U+0171 (decimal 369)
   defining Unicode char U+0174 (decimal 372)
   defining Unicode char U+0175 (decimal 373)
   defining Unicode char U+0176 (decimal 374)
   defining Unicode char U+0177 (decimal 375)
   defining Unicode char U+0178 (decimal 376)
   defining Unicode char U+0179 (decimal 377)
   defining Unicode char U+017A (decimal 378)
   defining Unicode char U+017B (decimal 379)
   defining Unicode char U+017C (decimal 380)
   defining Unicode char U+017D (decimal 381)
   defining Unicode char U+017E (decimal 382)
   defining Unicode char U+0218 (decimal 536)
   defining Unicode char U+0219 (decimal 537)
   defining Unicode char U+021A (decimal 538)
   defining Unicode char U+021B (decimal 539)
   defining Unicode char U+200C (decimal 8204)
   defining Unicode char U+2013 (decimal 8211)
   defining Unicode char U+2014 (decimal 8212)
   defining Unicode char U+2018 (decimal 8216)
   defining Unicode char U+2019 (decimal 8217)
   defining Unicode char U+201A (decimal 8218)
   defining Unicode char U+201C (decimal 8220)
   defining Unicode char U+201D (decimal 8221)
   defining Unicode char U+201E (decimal 8222)
   defining Unicode char U+2030 (decimal 8240)
   defining Unicode char U+2031 (decimal 8241)
   defining Unicode char U+2039 (decimal 8249)
   defining Unicode char U+203A (decimal 8250)
   defining Unicode char U+2423 (decimal 9251)
)
Now handling font encoding OT1 ...
... processing UTF-8 mapping file for font encoding OT1

("C:\Program Files\MiKTeX 2.9\tex\latex\base\ot1enc.dfu"
File: ot1enc.dfu 2015/09/07 v1.1p UTF-8 support for inputenc
   defining Unicode char U+00A0 (decimal 160)
   defining Unicode char U+00A1 (decimal 161)
   defining Unicode char U+00A3 (decimal 163)
   defining Unicode char U+00AD (decimal 173)
   defining Unicode char U+00B8 (decimal 184)
   defining Unicode char U+00BF (decimal 191)
   defining Unicode char U+00C5 (decimal 197)
   defining Unicode char U+00C6 (decimal 198)
   defining Unicode char U+00D8 (decimal 216)
   defining Unicode char U+00DF (decimal 223)
   defining Unicode char U+00E6 (decimal 230)
   defining Unicode char U+00EC (decimal 236)
   defining Unicode char U+00ED (decimal 237)
   defining Unicode char U+00EE (decimal 238)
   defining Unicode char U+00EF (decimal 239)
   defining Unicode char U+00F8 (decimal 248)
   defining Unicode char U+0131 (decimal 305)
   defining Unicode char U+0141 (decimal 321)
   defining Unicode char U+0142 (decimal 322)
   defining Unicode char U+0152 (decimal 338)
   defining Unicode char U+0153 (decimal 339)
   defining Unicode char U+0174 (decimal 372)
   defining Unicode char U+0175 (decimal 373)
   defining Unicode char U+0176 (decimal 374)
   defining Unicode char U+0177 (decimal 375)
   defining Unicode char U+0218 (decimal 536)
   defining Unicode char U+0219 (decimal 537)
   defining Unicode char U+021A (decimal 538)
   defining Unicode char U+021B (decimal 539)
   defining Unicode char U+2013 (decimal 8211)
   defining Unicode char U+2014 (decimal 8212)
   defining Unicode char U+2018 (decimal 8216)
   defining Unicode char U+2019 (decimal 8217)
   defining Unicode char U+201C (decimal 8220)
   defining Unicode char U+201D (decimal 8221)
)
Now handling font encoding OMS ...
... processing UTF-8 mapping file for font encoding OMS

("C:\Program Files\MiKTeX 2.9\tex\latex\base\omsenc.dfu"
File: omsenc.dfu 2015/09/07 v1.1p UTF-8 support for inputenc
   defining Unicode char U+00A7 (decimal 167)
   defining Unicode char U+00B6 (decimal 182)
   defining Unicode char U+00B7 (decimal 183)
   defining Unicode char U+2020 (decimal 8224)
   defining Unicode char U+2021 (decimal 8225)
   defining Unicode char U+2022 (decimal 8226)
)
Now handling font encoding OMX ...
... no UTF-8 mapping file for font encoding OMX
Now handling font encoding U ...
... no UTF-8 mapping file for font encoding U
   defining Unicode char U+00A9 (decimal 169)
   defining Unicode char U+00AA (decimal 170)
   defining Unicode char U+00AE (decimal 174)
   defining Unicode char U+00BA (decimal 186)
   defining Unicode char U+02C6 (decimal 710)
   defining Unicode char U+02DC (decimal 732)
   defining Unicode char U+200C (decimal 8204)
   defining Unicode char U+2026 (decimal 8230)
   defining Unicode char U+2122 (decimal 8482)
   defining Unicode char U+2423 (decimal 9251)
))
   defining Unicode char U+00A0 (decimal 160)

(C:\Users\Diane.Von-Gunten\AppData\Roaming\MiKTeX\2.9\tex\latex\cmap\cmap.sty
Package: cmap 2008/03/06 v1.0h CMap support: searchable PDF
)
("C:\Program Files\MiKTeX 2.9\tex\latex\base\fontenc.sty"
Package: fontenc 2005/09/27 v1.99g Standard LaTeX package

("C:\Program Files\MiKTeX 2.9\tex\latex\base\t1enc.def"
File: t1enc.def 2005/09/27 v1.99g Standard LaTeX file
LaTeX Font Info:    Redeclaring font encoding T1 on input line 48.
)<<t1.cmap>>)
("C:\Program Files\MiKTeX 2.9\tex\latex\amsmath\amsmath.sty"
Package: amsmath 2013/01/14 v2.14 AMS math features
\@mathmargin=\skip43

For additional information on amsmath, use the `?' option.
("C:\Program Files\MiKTeX 2.9\tex\latex\amsmath\amstext.sty"
Package: amstext 2000/06/29 v2.01

("C:\Program Files\MiKTeX 2.9\tex\latex\amsmath\amsgen.sty"
File: amsgen.sty 1999/11/30 v2.0
\@emptytoks=\toks18
\ex@=\dimen111
))
("C:\Program Files\MiKTeX 2.9\tex\latex\amsmath\amsbsy.sty"
Package: amsbsy 1999/11/29 v1.2d
\pmbraise@=\dimen112
)
("C:\Program Files\MiKTeX 2.9\tex\latex\amsmath\amsopn.sty"
Package: amsopn 1999/12/14 v2.01 operator names
)
\inf@bad=\count91
LaTeX Info: Redefining \frac on input line 210.
\uproot@=\count92
\leftroot@=\count93
LaTeX Info: Redefining \overline on input line 306.
\classnum@=\count94
\DOTSCASE@=\count95
LaTeX Info: Redefining \ldots on input line 378.
LaTeX Info: Redefining \dots on input line 381.
LaTeX Info: Redefining \cdots on input line 466.
\Mathstrutbox@=\box26
\strutbox@=\box27
\big@size=\dimen113
LaTeX Font Info:    Redeclaring font encoding OML on input line 566.
LaTeX Font Info:    Redeclaring font encoding OMS on input line 567.
\macc@depth=\count96
\c@MaxMatrixCols=\count97
\dotsspace@=\muskip10
\c@parentequation=\count98
\dspbrk@lvl=\count99
\tag@help=\toks19
\row@=\count100
\column@=\count101
\maxfields@=\count102
\andhelp@=\toks20
\eqnshift@=\dimen114
\alignsep@=\dimen115
\tagshift@=\dimen116
\tagwidth@=\dimen117
\totwidth@=\dimen118
\lineht@=\dimen119
\@envbody=\toks21
\multlinegap=\skip44
\multlinetaggap=\skip45
\mathdisplay@stack=\toks22
LaTeX Info: Redefining \[ on input line 2665.
LaTeX Info: Redefining \] on input line 2666.
)
("C:\Program Files\MiKTeX 2.9\tex\latex\amsfonts\amssymb.sty"
Package: amssymb 2013/01/14 v3.01 AMS font symbols

("C:\Program Files\MiKTeX 2.9\tex\latex\amsfonts\amsfonts.sty"
Package: amsfonts 2013/01/14 v3.01 Basic AMSFonts support
\symAMSa=\mathgroup4
\symAMSb=\mathgroup5
LaTeX Font Info:    Overwriting math alphabet `\mathfrak' in version `bold'
(Font)                  U/euf/m/n --> U/euf/b/n on input line 106.
))
("C:\Program Files\MiKTeX 2.9\tex\generic\babel\babel.sty"
Package: babel 2016/01/08 3.9n The Babel package

*************************************
* Local config file bblopts.cfg used
*
("C:\Program Files\MiKTeX 2.9\tex\latex\00miktex\bblopts.cfg"
File: bblopts.cfg 2006/07/31 v1.0 MiKTeX 'babel' configuration
)
("C:\Program Files\MiKTeX 2.9\tex\latex\babel-english\english.ldf"
Language: english 2012/08/20 v3.3p English support from the babel system

("C:\Program Files\MiKTeX 2.9\tex\generic\babel\babel.def"
File: babel.def 2016/01/08 3.9n Babel common definitions
\babel@savecnt=\count103
\U@D=\dimen120
)
\l@canadian = a dialect from \language\l@american 
\l@australian = a dialect from \language\l@british 
\l@newzealand = a dialect from \language\l@british 
))
("C:\Program Files\MiKTeX 2.9\tex\latex\psnfss\times.sty"
Package: times 2005/04/12 PSNFSS-v9.2a (SPQR) 
)
(C:\Users\Diane.Von-Gunten\AppData\Roaming\MiKTeX\2.9\tex\latex\fncychap\fncych
ap.sty
Package: fncychap 2007/07/30 v1.34 LaTeX package (Revised chapters)
\RW=\skip46
\mylen=\skip47
\myhi=\skip48
\px=\skip49
\py=\skip50
\pyy=\skip51
\pxx=\skip52
\c@AlphaCnt=\count104
\c@AlphaDecCnt=\count105
) ("C:\Program Files\MiKTeX 2.9\tex\latex\tools\longtable.sty"
Package: longtable 2014/10/28 v4.11 Multi-page Table package (DPC)
\LTleft=\skip53
\LTright=\skip54
\LTpre=\skip55
\LTpost=\skip56
\LTchunksize=\count106
\LTcapwidth=\dimen121
\LT@head=\box28
\LT@firsthead=\box29
\LT@foot=\box30
\LT@lastfoot=\box31
\LT@cols=\count107
\LT@rows=\count108
\c@LT@tables=\count109
\c@LT@chunks=\count110
\LT@p@ftn=\toks23
)
(sphinx.sty
Package: sphinx 2016/12/11 v1.5.1 LaTeX package (Sphinx markup)
 ("C:\Program Files\MiKTeX 2.9\tex\latex\graphics\graphicx.sty"
Package: graphicx 2014/10/28 v1.0g Enhanced LaTeX Graphics (DPC,SPQR)

("C:\Program Files\MiKTeX 2.9\tex\latex\graphics\graphics.sty"
Package: graphics 2014/10/28 v1.0p Standard LaTeX Graphics (DPC,SPQR)

("C:\Program Files\MiKTeX 2.9\tex\latex\graphics\trig.sty"
Package: trig 1999/03/16 v1.09 sin cos tan (DPC)
)
("C:\Program Files\MiKTeX 2.9\tex\latex\00miktex\graphics.cfg"
File: graphics.cfg 2007/01/18 v1.5 graphics configuration of teTeX/TeXLive
)
Package graphics Info: Driver file: pdftex.def on input line 94.

("C:\Program Files\MiKTeX 2.9\tex\latex\pdftex-def\pdftex.def"
File: pdftex.def 2011/05/27 v0.06d Graphics/color for pdfTeX

("C:\Program Files\MiKTeX 2.9\tex\generic\oberdiek\infwarerr.sty"
Package: infwarerr 2010/04/08 v1.3 Providing info/warning/error messages (HO)
)
("C:\Program Files\MiKTeX 2.9\tex\generic\oberdiek\ltxcmds.sty"
Package: ltxcmds 2011/11/09 v1.22 LaTeX kernel commands for general use (HO)
)
\Gread@gobject=\count111
))
\Gin@req@height=\dimen122
\Gin@req@width=\dimen123
)
(C:\Users\Diane.Von-Gunten\AppData\Roaming\MiKTeX\2.9\tex\latex\fancyhdr\fancyh
dr.sty
Package: fancyhdr 2016/09/06 3.8 Extensive control of page headers and footers
\fancy@headwidth=\skip57
\f@ncyO@elh=\skip58
\f@ncyO@erh=\skip59
\f@ncyO@olh=\skip60
\f@ncyO@orh=\skip61
\f@ncyO@elf=\skip62
\f@ncyO@erf=\skip63
\f@ncyO@olf=\skip64
\f@ncyO@orf=\skip65
) ("C:\Program Files\MiKTeX 2.9\tex\latex\base\textcomp.sty"
Package: textcomp 2005/09/27 v1.99g Standard LaTeX package
Package textcomp Info: Sub-encoding information:
(textcomp)               5 = only ISO-Adobe without \textcurrency
(textcomp)               4 = 5 + \texteuro
(textcomp)               3 = 4 + \textohm
(textcomp)               2 = 3 + \textestimated + \textcurrency
(textcomp)               1 = TS1 - \textcircled - \t
(textcomp)               0 = TS1 (full)
(textcomp)             Font families with sub-encoding setting implement
(textcomp)             only a restricted character set as indicated.
(textcomp)             Family '?' is the default used for unknown fonts.
(textcomp)             See the documentation for details.
Package textcomp Info: Setting ? sub-encoding to TS1/1 on input line 79.

("C:\Program Files\MiKTeX 2.9\tex\latex\base\ts1enc.def"
File: ts1enc.def 2001/06/05 v3.0e (jk/car/fm) Standard LaTeX file
Now handling font encoding TS1 ...
... processing UTF-8 mapping file for font encoding TS1

("C:\Program Files\MiKTeX 2.9\tex\latex\base\ts1enc.dfu"
File: ts1enc.dfu 2015/09/07 v1.1p UTF-8 support for inputenc
   defining Unicode char U+00A2 (decimal 162)
   defining Unicode char U+00A3 (decimal 163)
   defining Unicode char U+00A4 (decimal 164)
   defining Unicode char U+00A5 (decimal 165)
   defining Unicode char U+00A6 (decimal 166)
   defining Unicode char U+00A7 (decimal 167)
   defining Unicode char U+00A8 (decimal 168)
   defining Unicode char U+00A9 (decimal 169)
   defining Unicode char U+00AA (decimal 170)
   defining Unicode char U+00AC (decimal 172)
   defining Unicode char U+00AE (decimal 174)
   defining Unicode char U+00AF (decimal 175)
   defining Unicode char U+00B0 (decimal 176)
   defining Unicode char U+00B1 (decimal 177)
   defining Unicode char U+00B2 (decimal 178)
   defining Unicode char U+00B3 (decimal 179)
   defining Unicode char U+00B4 (decimal 180)
   defining Unicode char U+00B5 (decimal 181)
   defining Unicode char U+00B6 (decimal 182)
   defining Unicode char U+00B7 (decimal 183)
   defining Unicode char U+00B9 (decimal 185)
   defining Unicode char U+00BA (decimal 186)
   defining Unicode char U+00BC (decimal 188)
   defining Unicode char U+00BD (decimal 189)
   defining Unicode char U+00BE (decimal 190)
   defining Unicode char U+00D7 (decimal 215)
   defining Unicode char U+00F7 (decimal 247)
   defining Unicode char U+0192 (decimal 402)
   defining Unicode char U+02C7 (decimal 711)
   defining Unicode char U+02D8 (decimal 728)
   defining Unicode char U+02DD (decimal 733)
   defining Unicode char U+0E3F (decimal 3647)
   defining Unicode char U+2016 (decimal 8214)
   defining Unicode char U+2020 (decimal 8224)
   defining Unicode char U+2021 (decimal 8225)
   defining Unicode char U+2022 (decimal 8226)
   defining Unicode char U+2030 (decimal 8240)
   defining Unicode char U+2031 (decimal 8241)
   defining Unicode char U+203B (decimal 8251)
   defining Unicode char U+203D (decimal 8253)
   defining Unicode char U+2044 (decimal 8260)
   defining Unicode char U+204E (decimal 8270)
   defining Unicode char U+2052 (decimal 8274)
   defining Unicode char U+20A1 (decimal 8353)
   defining Unicode char U+20A4 (decimal 8356)
   defining Unicode char U+20A6 (decimal 8358)
   defining Unicode char U+20A9 (decimal 8361)
   defining Unicode char U+20AB (decimal 8363)
   defining Unicode char U+20AC (decimal 8364)
   defining Unicode char U+20B1 (decimal 8369)
   defining Unicode char U+2103 (decimal 8451)
   defining Unicode char U+2116 (decimal 8470)
   defining Unicode char U+2117 (decimal 8471)
   defining Unicode char U+211E (decimal 8478)
   defining Unicode char U+2120 (decimal 8480)
   defining Unicode char U+2122 (decimal 8482)
   defining Unicode char U+2126 (decimal 8486)
   defining Unicode char U+2127 (decimal 8487)
   defining Unicode char U+212E (decimal 8494)
   defining Unicode char U+2190 (decimal 8592)
   defining Unicode char U+2191 (decimal 8593)
   defining Unicode char U+2192 (decimal 8594)
   defining Unicode char U+2193 (decimal 8595)
   defining Unicode char U+2329 (decimal 9001)
   defining Unicode char U+232A (decimal 9002)
   defining Unicode char U+2422 (decimal 9250)
   defining Unicode char U+25E6 (decimal 9702)
   defining Unicode char U+25EF (decimal 9711)
   defining Unicode char U+266A (decimal 9834)
))
LaTeX Info: Redefining \oldstylenums on input line 334.
Package textcomp Info: Setting cmr sub-encoding to TS1/0 on input line 349.
Package textcomp Info: Setting cmss sub-encoding to TS1/0 on input line 350.
Package textcomp Info: Setting cmtt sub-encoding to TS1/0 on input line 351.
Package textcomp Info: Setting cmvtt sub-encoding to TS1/0 on input line 352.
Package textcomp Info: Setting cmbr sub-encoding to TS1/0 on input line 353.
Package textcomp Info: Setting cmtl sub-encoding to TS1/0 on input line 354.
Package textcomp Info: Setting ccr sub-encoding to TS1/0 on input line 355.
Package textcomp Info: Setting ptm sub-encoding to TS1/4 on input line 356.
Package textcomp Info: Setting pcr sub-encoding to TS1/4 on input line 357.
Package textcomp Info: Setting phv sub-encoding to TS1/4 on input line 358.
Package textcomp Info: Setting ppl sub-encoding to TS1/3 on input line 359.
Package textcomp Info: Setting pag sub-encoding to TS1/4 on input line 360.
Package textcomp Info: Setting pbk sub-encoding to TS1/4 on input line 361.
Package textcomp Info: Setting pnc sub-encoding to TS1/4 on input line 362.
Package textcomp Info: Setting pzc sub-encoding to TS1/4 on input line 363.
Package textcomp Info: Setting bch sub-encoding to TS1/4 on input line 364.
Package textcomp Info: Setting put sub-encoding to TS1/5 on input line 365.
Package textcomp Info: Setting uag sub-encoding to TS1/5 on input line 366.
Package textcomp Info: Setting ugq sub-encoding to TS1/5 on input line 367.
Package textcomp Info: Setting ul8 sub-encoding to TS1/4 on input line 368.
Package textcomp Info: Setting ul9 sub-encoding to TS1/4 on input line 369.
Package textcomp Info: Setting augie sub-encoding to TS1/5 on input line 370.
Package textcomp Info: Setting dayrom sub-encoding to TS1/3 on input line 371.
Package textcomp Info: Setting dayroms sub-encoding to TS1/3 on input line 372.

Package textcomp Info: Setting pxr sub-encoding to TS1/0 on input line 373.
Package textcomp Info: Setting pxss sub-encoding to TS1/0 on input line 374.
Package textcomp Info: Setting pxtt sub-encoding to TS1/0 on input line 375.
Package textcomp Info: Setting txr sub-encoding to TS1/0 on input line 376.
Package textcomp Info: Setting txss sub-encoding to TS1/0 on input line 377.
Package textcomp Info: Setting txtt sub-encoding to TS1/0 on input line 378.
Package textcomp Info: Setting lmr sub-encoding to TS1/0 on input line 379.
Package textcomp Info: Setting lmdh sub-encoding to TS1/0 on input line 380.
Package textcomp Info: Setting lmss sub-encoding to TS1/0 on input line 381.
Package textcomp Info: Setting lmssq sub-encoding to TS1/0 on input line 382.
Package textcomp Info: Setting lmvtt sub-encoding to TS1/0 on input line 383.
Package textcomp Info: Setting lmtt sub-encoding to TS1/0 on input line 384.
Package textcomp Info: Setting qhv sub-encoding to TS1/0 on input line 385.
Package textcomp Info: Setting qag sub-encoding to TS1/0 on input line 386.
Package textcomp Info: Setting qbk sub-encoding to TS1/0 on input line 387.
Package textcomp Info: Setting qcr sub-encoding to TS1/0 on input line 388.
Package textcomp Info: Setting qcs sub-encoding to TS1/0 on input line 389.
Package textcomp Info: Setting qpl sub-encoding to TS1/0 on input line 390.
Package textcomp Info: Setting qtm sub-encoding to TS1/0 on input line 391.
Package textcomp Info: Setting qzc sub-encoding to TS1/0 on input line 392.
Package textcomp Info: Setting qhvc sub-encoding to TS1/0 on input line 393.
Package textcomp Info: Setting futs sub-encoding to TS1/4 on input line 394.
Package textcomp Info: Setting futx sub-encoding to TS1/4 on input line 395.
Package textcomp Info: Setting futj sub-encoding to TS1/4 on input line 396.
Package textcomp Info: Setting hlh sub-encoding to TS1/3 on input line 397.
Package textcomp Info: Setting hls sub-encoding to TS1/3 on input line 398.
Package textcomp Info: Setting hlst sub-encoding to TS1/3 on input line 399.
Package textcomp Info: Setting hlct sub-encoding to TS1/5 on input line 400.
Package textcomp Info: Setting hlx sub-encoding to TS1/5 on input line 401.
Package textcomp Info: Setting hlce sub-encoding to TS1/5 on input line 402.
Package textcomp Info: Setting hlcn sub-encoding to TS1/5 on input line 403.
Package textcomp Info: Setting hlcw sub-encoding to TS1/5 on input line 404.
Package textcomp Info: Setting hlcf sub-encoding to TS1/5 on input line 405.
Package textcomp Info: Setting pplx sub-encoding to TS1/3 on input line 406.
Package textcomp Info: Setting pplj sub-encoding to TS1/3 on input line 407.
Package textcomp Info: Setting ptmx sub-encoding to TS1/4 on input line 408.
Package textcomp Info: Setting ptmj sub-encoding to TS1/4 on input line 409.
)
(C:\Users\Diane.Von-Gunten\AppData\Roaming\MiKTeX\2.9\tex\latex\titlesec\titles
ec.sty
Package: titlesec 2016/03/21 v2.10.2 Sectioning titles
\ttl@box=\box32
\beforetitleunit=\skip66
\aftertitleunit=\skip67
\ttl@plus=\dimen124
\ttl@minus=\dimen125
\ttl@toksa=\toks24
\titlewidth=\dimen126
\titlewidthlast=\dimen127
\titlewidthfirst=\dimen128
)
(C:\Users\Diane.Von-Gunten\AppData\Roaming\MiKTeX\2.9\tex\latex\tabulary\tabula
ry.sty
Package: tabulary 2014/06/11 v0.10 tabulary package (DPC)
 ("C:\Program Files\MiKTeX 2.9\tex\latex\tools\array.sty"
Package: array 2014/10/28 v2.4c Tabular extension package (FMi)
\col@sep=\dimen129
\extrarowheight=\dimen130
\NC@list=\toks25
\extratabsurround=\skip68
\backup@length=\skip69
)
\TY@count=\count112
\TY@linewidth=\dimen131
\tymin=\dimen132
\tymax=\dimen133
\TY@tablewidth=\dimen134
)
("C:\Program Files\MiKTeX 2.9\tex\latex\base\makeidx.sty"
Package: makeidx 2014/09/29 v1.0m Standard LaTeX package
)
(C:\Users\Diane.Von-Gunten\AppData\Roaming\MiKTeX\2.9\tex\latex\framed\framed.s
ty
Package: framed 2011/10/22 v 0.96: framed or shaded text with page breaks
\OuterFrameSep=\skip70
\fb@frw=\dimen135
\fb@frh=\dimen136
\FrameRule=\dimen137
\FrameSep=\dimen138
)
(C:\Users\Diane.Von-Gunten\AppData\Roaming\MiKTeX\2.9\tex\latex\xcolor\xcolor.s
ty
Package: xcolor 2016/05/11 v2.12 LaTeX color extensions (UK)
 ("C:\Program Files\MiKTeX 2.9\tex\latex\00miktex\color.cfg"
File: color.cfg 2007/01/18 v1.5 color configuration of teTeX/TeXLive
)
Package xcolor Info: Driver file: pdftex.def on input line 225.
Package xcolor Info: Model `cmy' substituted by `cmy0' on input line 1348.
Package xcolor Info: Model `hsb' substituted by `rgb' on input line 1352.
Package xcolor Info: Model `RGB' extended on input line 1364.
Package xcolor Info: Model `HTML' substituted by `rgb' on input line 1366.
Package xcolor Info: Model `Hsb' substituted by `hsb' on input line 1367.
Package xcolor Info: Model `tHsb' substituted by `hsb' on input line 1368.
Package xcolor Info: Model `HSB' substituted by `hsb' on input line 1369.
Package xcolor Info: Model `Gray' substituted by `gray' on input line 1370.
Package xcolor Info: Model `wave' substituted by `hsb' on input line 1371.
)
(C:\Users\Diane.Von-Gunten\AppData\Roaming\MiKTeX\2.9\tex\latex\fancyvrb\fancyv
rb.sty
Package: fancyvrb 2008/02/07

Style option: `fancyvrb' v2.7a, with DG/SPQR fixes, and firstline=lastline fix 
<2008/02/07> (tvz)
\FV@CodeLineNo=\count113
\FV@InFile=\read1
\FV@TabBox=\box33
\c@FancyVerbLine=\count114
\FV@StepNumber=\count115
\FV@OutFile=\write3
)
(C:\Users\Diane.Von-Gunten\AppData\Roaming\MiKTeX\2.9\tex\latex\threeparttable\
threeparttable.sty
Package: threeparttable 2003/06/13  v 3.0
\@tempboxb=\box34
) (footnotehyper-sphinx.sty
Package: footnotehyper-sphinx 2016/10/27 v0.9f hyperref aware footnote.sty for 
sphinx (JFB)

(C:\Users\Diane.Von-Gunten\AppData\Roaming\MiKTeX\2.9\tex\latex\mdwtools\footno
te.sty
Package: footnote 1997/01/28 1.13 Save footnotes around boxes
\fn@notes=\box35
\fn@width=\dimen139
)) ("C:\Program Files\MiKTeX 2.9\tex\latex\float\float.sty"
Package: float 2001/11/08 v1.3d Float enhancements (AL)
\c@float@type=\count116
\float@exts=\toks26
\float@box=\box36
\@float@everytoks=\toks27
\@floatcapt=\box37
)
(C:\Users\Diane.Von-Gunten\AppData\Roaming\MiKTeX\2.9\tex\latex\wrapfig\wrapfig
.sty
\wrapoverhang=\dimen140
\WF@size=\dimen141
\c@WF@wrappedlines=\count117
\WF@box=\box38
\WF@everypar=\toks28
Package: wrapfig 2003/01/31  v 3.6
) ("C:\Program Files\MiKTeX 2.9\tex\latex\ltxmisc\parskip.sty"
Package: parskip 2001/04/09 non-zero parskip adjustments
)
("C:\Program Files\MiKTeX 2.9\tex\latex\base\alltt.sty"
Package: alltt 1997/06/16 v2.0g defines alltt environment
)
(C:\Users\Diane.Von-Gunten\AppData\Roaming\MiKTeX\2.9\tex\latex\upquote\upquote
.sty
Package: upquote 2012/04/19 v1.3 upright-quote and grave-accent glyphs in verba
tim
) ("C:\Program Files\MiKTeX 2.9\tex\latex\oberdiek\kvoptions.sty"
Package: kvoptions 2011/06/30 v3.11 Key value format for package options (HO)

("C:\Program Files\MiKTeX 2.9\tex\generic\oberdiek\kvsetkeys.sty"
Package: kvsetkeys 2012/04/25 v1.16 Key value parser (HO)

("C:\Program Files\MiKTeX 2.9\tex\generic\oberdiek\etexcmds.sty"
Package: etexcmds 2011/02/16 v1.5 Avoid name clashes with e-TeX commands (HO)

("C:\Program Files\MiKTeX 2.9\tex\generic\oberdiek\ifluatex.sty"
Package: ifluatex 2010/03/01 v1.3 Provides the ifluatex switch (HO)
Package ifluatex Info: LuaTeX not detected.
)
Package etexcmds Info: Could not find \expanded.
(etexcmds)             That can mean that you are not using pdfTeX 1.50 or
(etexcmds)             that some package has redefined \expanded.
(etexcmds)             In the latter case, load this package earlier.
)))
\sphinxverbatimsep=\dimen142
\sphinxverbatimborder=\dimen143
\sphinxshadowsep=\dimen144
\sphinxshadowsize=\dimen145
\sphinxshadowrule=\dimen146
\spx@notice@border=\dimen147

("C:\Program Files\MiKTeX 2.9\tex\plain\misc\pdfcolor.tex")
\spx@VerbatimTitleBox=\box39
\sphinxcontinuationbox=\box40
\sphinxvisiblespacebox=\box41
\py@argswidth=\skip71
\lineblockindentation=\skip72
\spx@image@box=\box42
\DUlineblockindent=\skip73
\c@literalblock=\count118

(C:\Users\Diane.Von-Gunten\AppData\Roaming\MiKTeX\2.9\tex\latex\capt-of\capt-of
.sty
Package: capt-of 2009/12/29 v0.2 standard captions outside of floats
) (needspace.sty
Package: needspace 2010/09/12 v1.3d reserve vertical space
)
** (sphinx) defining (legacy) text style macros without \sphinx prefix
** if clashes with packages, set latex_keep_old_macro_names=False in conf.py
(sphinxhighlight.sty
Package: sphinxhighlight 2016/05/29 stylesheet for highlighting with pygments
))
("C:\Program Files\MiKTeX 2.9\tex\latex\multirow\multirow.sty"
\bigstrutjot=\dimen148
)
(C:\Users\Diane.Von-Gunten\AppData\Roaming\MiKTeX\2.9\tex\latex\eqparbox\eqparb
ox.sty
Package: eqparbox 2013/03/15 v4.0 Create equal-widthed boxes
\eqp@tempdima=\skip74
\eqp@tempdimb=\skip75
\eqp@tabular@box=\box43
\eqp@list@box=\box44
\eqp@list@indent=\skip76

(C:\Users\Diane.Von-Gunten\AppData\Roaming\MiKTeX\2.9\tex\latex\environ\environ
.sty
Package: environ 2014/05/04 v0.3 A new way to define environments

(C:\Users\Diane.Von-Gunten\AppData\Roaming\MiKTeX\2.9\tex\latex\trimspaces\trim
spaces.sty
Package: trimspaces 2009/09/17 v1.1 Trim spaces around a token list
))) ("C:\Program Files\MiKTeX 2.9\tex\latex\hyperref\hyperref.sty"
Package: hyperref 2012/11/06 v6.83m Hypertext links for LaTeX

("C:\Program Files\MiKTeX 2.9\tex\generic\oberdiek\hobsub-hyperref.sty"
Package: hobsub-hyperref 2012/04/25 v1.12 Bundle oberdiek, subset hyperref (HO)


("C:\Program Files\MiKTeX 2.9\tex\generic\oberdiek\hobsub-generic.sty"
Package: hobsub-generic 2012/04/25 v1.12 Bundle oberdiek, subset generic (HO)
Package: hobsub 2012/04/25 v1.12 Construct package bundles (HO)
Package hobsub Info: Skipping package `infwarerr' (already loaded).
Package hobsub Info: Skipping package `ltxcmds' (already loaded).
Package hobsub Info: Skipping package `ifluatex' (already loaded).
Package hobsub Info: Skipping package `ifvtex' (already loaded).
Package: intcalc 2007/09/27 v1.1 Expandable calculations with integers (HO)
Package hobsub Info: Skipping package `ifpdf' (already loaded).
Package hobsub Info: Skipping package `etexcmds' (already loaded).
Package hobsub Info: Skipping package `kvsetkeys' (already loaded).
Package: kvdefinekeys 2011/04/07 v1.3 Define keys (HO)
Package: pdftexcmds 2011/11/29 v0.20 Utility functions of pdfTeX for LuaTeX (HO
)
Package pdftexcmds Info: LuaTeX not detected.
Package pdftexcmds Info: \pdf@primitive is available.
Package pdftexcmds Info: \pdf@ifprimitive is available.
Package pdftexcmds Info: \pdfdraftmode found.
Package: pdfescape 2011/11/25 v1.13 Implements pdfTeX's escape features (HO)
Package: bigintcalc 2012/04/08 v1.3 Expandable calculations on big integers (HO
)
Package: bitset 2011/01/30 v1.1 Handle bit-vector datatype (HO)
Package: uniquecounter 2011/01/30 v1.2 Provide unlimited unique counter (HO)
)
Package hobsub Info: Skipping package `hobsub' (already loaded).
Package: letltxmacro 2010/09/02 v1.4 Let assignment for LaTeX macros (HO)
Package: hopatch 2011/06/24 v1.1 Wrapper for package hooks (HO)
Package: xcolor-patch 2011/01/30 xcolor patch
Package: atveryend 2011/06/30 v1.8 Hooks at the very end of document (HO)
Package atveryend Info: \enddocument detected (standard20110627).
Package: atbegshi 2011/10/05 v1.16 At begin shipout hook (HO)
Package: refcount 2011/10/16 v3.4 Data extraction from label references (HO)
Package: hycolor 2011/01/30 v1.7 Color options for hyperref/bookmark (HO)
)
("C:\Program Files\MiKTeX 2.9\tex\latex\oberdiek\auxhook.sty"
Package: auxhook 2011/03/04 v1.3 Hooks for auxiliary files (HO)
)
\@linkdim=\dimen149
\Hy@linkcounter=\count119
\Hy@pagecounter=\count120

("C:\Program Files\MiKTeX 2.9\tex\latex\hyperref\pd1enc.def"
File: pd1enc.def 2012/11/06 v6.83m Hyperref: PDFDocEncoding definition (HO)
Now handling font encoding PD1 ...
... no UTF-8 mapping file for font encoding PD1
)
\Hy@SavedSpaceFactor=\count121

("C:\Program Files\MiKTeX 2.9\tex\latex\00miktex\hyperref.cfg"
File: hyperref.cfg 2002/06/06 v1.2 hyperref configuration of TeXLive
)
Package hyperref Info: Option `unicode' set `true' on input line 4319.

("C:\Program Files\MiKTeX 2.9\tex\latex\hyperref\puenc.def"
File: puenc.def 2012/11/06 v6.83m Hyperref: PDF Unicode definition (HO)
Now handling font encoding PU ...
... no UTF-8 mapping file for font encoding PU
)
Package hyperref Info: Option `colorlinks' set `true' on input line 4319.
Package hyperref Info: Option `breaklinks' set `true' on input line 4319.
Package hyperref Info: Hyper figures OFF on input line 4443.
Package hyperref Info: Link nesting OFF on input line 4448.
Package hyperref Info: Hyper index ON on input line 4451.
Package hyperref Info: Plain pages OFF on input line 4458.
Package hyperref Info: Backreferencing OFF on input line 4463.
Package hyperref Info: Implicit mode ON; LaTeX internals redefined.
Package hyperref Info: Bookmarks ON on input line 4688.
\c@Hy@tempcnt=\count122

(C:\Users\Diane.Von-Gunten\AppData\Roaming\MiKTeX\2.9\tex\latex\url\url.sty
\Urlmuskip=\muskip11
Package: url 2013/09/16  ver 3.4  Verb mode for urls, etc.
)
LaTeX Info: Redefining \url on input line 5041.
\XeTeXLinkMargin=\dimen150
\Fld@menulength=\count123
\Field@Width=\dimen151
\Fld@charsize=\dimen152
Package hyperref Info: Hyper figures OFF on input line 6295.
Package hyperref Info: Link nesting OFF on input line 6300.
Package hyperref Info: Hyper index ON on input line 6303.
Package hyperref Info: backreferencing OFF on input line 6310.
Package hyperref Info: Link coloring ON on input line 6313.
Package hyperref Info: Link coloring with OCG OFF on input line 6320.
Package hyperref Info: PDF/A mode OFF on input line 6325.
LaTeX Info: Redefining \ref on input line 6365.
LaTeX Info: Redefining \pageref on input line 6369.
\Hy@abspage=\count124
\c@Item=\count125
\c@Hfootnote=\count126
)

Package hyperref Message: Driver (autodetected): hpdftex.

("C:\Program Files\MiKTeX 2.9\tex\latex\hyperref\hpdftex.def"
File: hpdftex.def 2012/11/06 v6.83m Hyperref driver for pdfTeX
\Fld@listcount=\count127
\c@bookmark@seq@number=\count128

("C:\Program Files\MiKTeX 2.9\tex\latex\oberdiek\rerunfilecheck.sty"
Package: rerunfilecheck 2011/04/15 v1.7 Rerun checks for auxiliary files (HO)
Package uniquecounter Info: New unique counter `rerunfilecheck' on input line 2
82.
)
\Hy@SectionHShift=\skip77
)
("C:\Program Files\MiKTeX 2.9\tex\latex\oberdiek\hypcap.sty"
Package: hypcap 2011/02/16 v1.11 Adjusting the anchors of captions (HO)
)
\@indexfile=\write4
\openout4 = `HABBY.idx'.


Writing index file HABBY.idx
(HABBY.aux)
\openout1 = `HABBY.aux'.

LaTeX Font Info:    Checking defaults for OML/cmm/m/it on input line 51.
LaTeX Font Info:    ... okay on input line 51.
LaTeX Font Info:    Checking defaults for T1/cmr/m/n on input line 51.
LaTeX Font Info:    ... okay on input line 51.
LaTeX Font Info:    Checking defaults for OT1/cmr/m/n on input line 51.
LaTeX Font Info:    ... okay on input line 51.
LaTeX Font Info:    Checking defaults for OMS/cmsy/m/n on input line 51.
LaTeX Font Info:    ... okay on input line 51.
LaTeX Font Info:    Checking defaults for OMX/cmex/m/n on input line 51.
LaTeX Font Info:    ... okay on input line 51.
LaTeX Font Info:    Checking defaults for U/cmr/m/n on input line 51.
LaTeX Font Info:    ... okay on input line 51.
LaTeX Font Info:    Checking defaults for TS1/cmr/m/n on input line 51.
LaTeX Font Info:    Try loading font information for TS1+cmr on input line 51.
 ("C:\Program Files\MiKTeX 2.9\tex\latex\base\ts1cmr.fd"
File: ts1cmr.fd 2014/09/29 v2.5h Standard LaTeX font definitions
)
LaTeX Font Info:    ... okay on input line 51.
LaTeX Font Info:    Checking defaults for PD1/pdf/m/n on input line 51.
LaTeX Font Info:    ... okay on input line 51.
LaTeX Font Info:    Checking defaults for PU/pdf/m/n on input line 51.
LaTeX Font Info:    ... okay on input line 51.
LaTeX Font Info:    Try loading font information for T1+ptm on input line 51.

("C:\Program Files\MiKTeX 2.9\tex\latex\psnfss\t1ptm.fd"
File: t1ptm.fd 2001/06/04 font definitions for T1/ptm.
)
*geometry* driver: auto-detecting
*geometry* detected driver: pdftex
*geometry* verbose mode - [ preamble ] result:
* driver: pdftex
* paper: letterpaper
* layout: <same size as paper>
* layoutoffset:(h,v)=(0.0pt,0.0pt)
* modes: twoside 
* h-part:(L,W,R)=(72.26999pt, 469.75502pt, 72.26999pt)
* v-part:(T,H,B)=(72.26999pt, 650.43001pt, 72.26999pt)
* \paperwidth=614.295pt
* \paperheight=794.96999pt
* \textwidth=469.75502pt
* \textheight=650.43001pt
* \oddsidemargin=0.0pt
* \evensidemargin=0.0pt
* \topmargin=-37.0pt
* \headheight=12.0pt
* \headsep=25.0pt
* \topskip=10.0pt
* \footskip=30.0pt
* \marginparwidth=36.135pt
* \marginparsep=11.0pt
* \columnsep=10.0pt
* \skip\footins=9.0pt plus 4.0pt minus 2.0pt
* \hoffset=0.0pt
* \voffset=0.0pt
* \mag=1000
* \@twocolumnfalse
* \@twosidetrue
* \@mparswitchtrue
* \@reversemarginfalse
* (1in=72.27pt=25.4mm, 1cm=28.453pt)


(C:\Users\Diane.Von-Gunten\AppData\Roaming\MiKTeX\2.9\tex\context\base\supp-pdf
.mkii
[Loading MPS to PDF converter (version 2006.09.02).]
\scratchcounter=\count129
\scratchdimen=\dimen153
\scratchbox=\box45
\nofMPsegments=\count130
\nofMParguments=\count131
\everyMPshowfont=\toks29
\MPscratchCnt=\count132
\MPscratchDim=\dimen154
\MPnumerator=\count133
\makeMPintoPDFobject=\count134
\everyMPtoPDFconversion=\toks30
)
\AtBeginShipoutBox=\box46
Package hyperref Info: Link coloring ON on input line 51.
 ("C:\Program Files\MiKTeX 2.9\tex\latex\hyperref\nameref.sty"
Package: nameref 2012/10/27 v2.43 Cross-referencing by name of section

("C:\Program Files\MiKTeX 2.9\tex\generic\oberdiek\gettitlestring.sty"
Package: gettitlestring 2010/12/03 v1.4 Cleanup title references (HO)
)
\c@section@level=\count135
)
LaTeX Info: Redefining \ref on input line 51.
LaTeX Info: Redefining \pageref on input line 51.
LaTeX Info: Redefining \nameref on input line 51.

(HABBY.out) (HABBY.out)
\@outlinefile=\write5
\openout5 = `HABBY.out'.

Package hyperref Info: Option `pageanchor' set `false' on input line 54.
LaTeX Font Info:    Try loading font information for T1+phv on input line 54.
 ("C:\Program Files\MiKTeX 2.9\tex\latex\psnfss\t1phv.fd"
File: t1phv.fd 2001/06/04 scalable font definitions for T1/phv.
)
LaTeX Font Info:    Font shape `T1/phv/bx/n' in size <10> not available
(Font)              Font shape `T1/phv/b/n' tried instead on input line 54.
LaTeX Font Info:    Font shape `T1/phv/bx/n' in size <24.88> not available
(Font)              Font shape `T1/phv/b/n' tried instead on input line 54.
LaTeX Font Info:    Font shape `T1/phv/bx/it' in size <10> not available
(Font)              Font shape `T1/phv/b/it' tried instead on input line 54.
LaTeX Font Info:    Font shape `T1/phv/b/it' in size <10> not available
(Font)              Font shape `T1/phv/b/sl' tried instead on input line 54.
LaTeX Font Info:    Font shape `T1/phv/bx/it' in size <17.28> not available
(Font)              Font shape `T1/phv/b/it' tried instead on input line 54.
LaTeX Font Info:    Font shape `T1/phv/b/it' in size <17.28> not available
(Font)              Font shape `T1/phv/b/sl' tried instead on input line 54.
LaTeX Font Info:    Font shape `T1/phv/bx/n' in size <17.28> not available
(Font)              Font shape `T1/phv/b/n' tried instead on input line 54.
<<ot1.cmap>><<oml.cmap>><<oms.cmap>><<omx.cmap>>
LaTeX Font Info:    Try loading font information for U+msa on input line 54.

("C:\Program Files\MiKTeX 2.9\tex\latex\amsfonts\umsa.fd"
File: umsa.fd 2013/01/14 v3.01 AMS symbols A
)
LaTeX Font Info:    Try loading font information for U+msb on input line 54.

("C:\Program Files\MiKTeX 2.9\tex\latex\amsfonts\umsb.fd"
File: umsb.fd 2013/01/14 v3.01 AMS symbols B
)
LaTeX Font Info:    Font shape `T1/phv/bx/n' in size <12> not available
(Font)              Font shape `T1/phv/b/n' tried instead on input line 54.
 [1

{C:/Users/Diane.Von-Gunten/AppData/Local/MiKTeX/2.9/pdftex/config/pdftex.map}] 
[2

]
LaTeX Font Info:    Font shape `T1/phv/bx/n' in size <14.4> not available
(Font)              Font shape `T1/phv/b/n' tried instead on input line 54.
 (HABBY.toc
LaTeX Font Info:    Font shape `T1/ptm/bx/n' in size <10> not available
(Font)              Font shape `T1/ptm/b/n' tried instead on input line 2.

[1

])
\tf@toc=\write6
\openout6 = `HABBY.toc'.

 [2] [1

] [2

]
Chapter 1.
LaTeX Font Info:    Try loading font information for TS1+ptm on input line 64.
("C:\Program Files\MiKTeX 2.9\tex\latex\psnfss\ts1ptm.fd"
File: ts1ptm.fd 2001/06/04 font definitions for TS1/ptm.
) [3] [4

]
Chapter 2.
[5] [6

]
Chapter 3.
LaTeX Font Info:    Try loading font information for T1+pcr on input line 1.
("C:\Program Files\MiKTeX 2.9\tex\latex\psnfss\t1pcr.fd"
File: t1pcr.fd 2001/06/04 font definitions for T1/pcr.
)
LaTeX Font Info:    Font shape `T1/pcr/bx/n' in size <10> not available
(Font)              Font shape `T1/pcr/b/n' tried instead on input line 1.
 [7] [8] [9] [10]
[11] [12]
LaTeX Font Info:    Font shape `T1/pcr/m/it' in size <10> not available
(Font)              Font shape `T1/pcr/m/sl' tried instead on input line 1.
 [13] [14] [15] [16] [17] [18] [19] [20] [21] [22] [23] [24] [25]
[26] [27] [28] [29] [30

]
Chapter 4.

Underfull \hbox (badness 10000) in paragraph at lines 2460--2460
[]\T1/ptm/m/it/10 data_bank_all\T1/ptm/m/n/10 , \T1/ptm/m/it/10 data_dist_all\T
1/ptm/m/n/10 ,
 []


Underfull \hbox (badness 10000) in paragraph at lines 2460--2460
\T1/ptm/m/it/10 data_river_all\T1/ptm/m/n/10 , \T1/ptm/m/it/10 data_profile_all
\T1/ptm/m/n/10 ,
 []

[31]
Underfull \hbox (badness 6961) in paragraph at lines 2578--2578
[]\T1/ptm/m/it/10 coord_pro\T1/ptm/m/n/10 , \T1/ptm/m/it/10 data_profile\T1/ptm
/m/n/10 , \T1/ptm/m/it/10 vel\T1/ptm/m/n/10 , \T1/ptm/m/it/10 wse\T1/ptm/m/n/10
 , \T1/ptm/m/it/10 nb_sim\T1/ptm/m/n/10 ,
 []

[32] [33]
Underfull \hbox (badness 10000) in paragraph at lines 2737--2737
[]\T1/ptm/m/it/10 name_hdf5\T1/ptm/m/n/10 , \T1/ptm/m/it/10 path_hdf5\T1/ptm/m/
n/10 , \T1/ptm/m/it/10 name_prj\T1/ptm/m/n/10 ,
 []


Underfull \hbox (badness 6220) in paragraph at lines 2737--2737
\T1/ptm/m/it/10 in-terpo_choice\T1/ptm/m/n/10 , \T1/ptm/m/it/10 path_im\T1/ptm/
m/n/10 , \T1/ptm/m/it/10 save_fig1d\T1/ptm/m/n/10 ,
 []


Underfull \hbox (badness 8056) in paragraph at lines 2737--2737
\T1/ptm/m/it/10 pro_add=1\T1/ptm/m/n/10 , \T1/ptm/m/it/10 q=[]\T1/ptm/m/n/10 , 
\T1/ptm/m/it/10 print_cmd=False\T1/ptm/m/n/10 ,
 []

[34]
Underfull \hbox (badness 5245) in paragraph at lines 2801--2801
[]\T1/ptm/m/it/10 geo_file\T1/ptm/m/n/10 , \T1/ptm/m/it/10 res_file\T1/ptm/m/n/
10 , \T1/ptm/m/it/10 path_geo\T1/ptm/m/n/10 , \T1/ptm/m/it/10 path_res\T1/ptm/m
/n/10 , \T1/ptm/m/it/10 path_im\T1/ptm/m/n/10 , \T1/ptm/m/it/10 save_fig=False\
T1/ptm/m/n/10 ,
 []

[35] [36] [37] [38] [39]
Underfull \hbox (badness 10000) in paragraph at lines 3326--3326
[]\T1/ptm/m/it/10 name_hdf5\T1/ptm/m/n/10 , \T1/ptm/m/it/10 file-name\T1/ptm/m/
n/10 , \T1/ptm/m/it/10 path\T1/ptm/m/n/10 , \T1/ptm/m/it/10 name_prj\T1/ptm/m/n
/10 ,
 []

[40] [41]
Underfull \hbox (badness 10000) in paragraph at lines 3485--3485
[]\T1/ptm/m/it/10 node_number\T1/ptm/m/n/10 , \T1/ptm/m/it/10 start_node\T1/ptm
/m/n/10 , \T1/ptm/m/it/10 end_node\T1/ptm/m/n/10 , \T1/ptm/m/it/10 an-gles\T1/p
tm/m/n/10 ,
 []


Underfull \hbox (badness 10000) in paragraph at lines 3523--3523
\T1/ptm/m/it/10 name_pro, name_reach, path_im, pro, plot_timestep=[-1],
 []

[42] [43]
Underfull \hbox (badness 10000) in paragraph at lines 3732--3732
\T1/ptm/m/it/10 model_type\T1/ptm/m/n/10 , \T1/ptm/m/it/10 name-file\T1/ptm/m/n
/10 , \T1/ptm/m/it/10 path-file\T1/ptm/m/n/10 , \T1/ptm/m/it/10 in-
 []

[44] [45]
Underfull \hbox (badness 10000) in paragraph at lines 3948--3948
[]\T1/ptm/m/it/10 file_gen\T1/ptm/m/n/10 , \T1/ptm/m/it/10 path_gen\T1/ptm/m/n/
10 , \T1/ptm/m/it/10 ab-cisse\T1/ptm/m/n/10 ,
 []

[46]
Underfull \hbox (badness 10000) in paragraph at lines 4039--4039
[]\T1/ptm/m/it/10 name_hdf5\T1/ptm/m/n/10 , \T1/ptm/m/it/10 name-files\T1/ptm/m
/n/10 , \T1/ptm/m/it/10 paths\T1/ptm/m/n/10 , \T1/ptm/m/it/10 name_prj\T1/ptm/m
/n/10 ,
 []

[47] [48] [49]
Underfull \hbox (badness 10000) in paragraph at lines 4427--4427
[]\T1/ptm/m/it/10 name_hdf5\T1/ptm/m/n/10 , \T1/ptm/m/it/10 path_hdf5\T1/ptm/m/
n/10 , \T1/ptm/m/it/10 name_prj\T1/ptm/m/n/10 , \T1/ptm/m/it/10 path_prj\T1/ptm
/m/n/10 ,
 []

[50] [51]
Underfull \hbox (badness 7613) in paragraph at lines 4527--4527
[]\T1/ptm/m/it/10 name_hdf5\T1/ptm/m/n/10 , \T1/ptm/m/it/10 ge-ofile\T1/ptm/m/n
/10 , \T1/ptm/m/it/10 tps-file\T1/ptm/m/n/10 , \T1/ptm/m/it/10 path-geo\T1/ptm/
m/n/10 , \T1/ptm/m/it/10 pathtps\T1/ptm/m/n/10 ,
 []

[52] [53] [54]
Underfull \hbox (badness 10000) in paragraph at lines 4940--4940
[]\T1/ptm/m/it/10 facies_path\T1/ptm/m/n/10 , \T1/ptm/m/it/10 fa-cies_name\T1/p
tm/m/n/10 , \T1/ptm/m/it/10 tran-sect_path\T1/ptm/m/n/10 , \T1/ptm/m/it/10 tran
-sect_name\T1/ptm/m/n/10 ,
 []


Underfull \hbox (badness 10000) in paragraph at lines 4972--4972
[]\T1/ptm/m/it/10 facies_path\T1/ptm/m/n/10 , \T1/ptm/m/it/10 tran-sect_path\T1
/ptm/m/n/10 , \T1/ptm/m/it/10 path_im\T1/ptm/m/n/10 , \T1/ptm/m/it/10 new_dir='
`\T1/ptm/m/n/10 , \T1/ptm/m/it/10 fig_opt=[]\T1/ptm/m/n/10 , \T1/ptm/m/it/10 tr
an-
 []

[55] [56] [57]
Underfull \hbox (badness 7397) in paragraph at lines 5233--5233
[]\T1/ptm/m/it/10 name_hdf5\T1/ptm/m/n/10 , \T1/ptm/m/it/10 name_prj\T1/ptm/m/n
/10 , \T1/ptm/m/it/10 path_prj\T1/ptm/m/n/10 , \T1/ptm/m/it/10 model_type\T1/pt
m/m/n/10 , \T1/ptm/m/it/10 nb_dim\T1/ptm/m/n/10 , \T1/ptm/m/it/10 path_hdf5\T1/
ptm/m/n/10 ,
 []


Underfull \hbox (badness 7832) in paragraph at lines 5233--5233
\T1/ptm/m/it/10 ikle_all_t\T1/ptm/m/n/10 , \T1/ptm/m/it/10 point_all_t\T1/ptm/m
/n/10 , \T1/ptm/m/it/10 point_c_all_t\T1/ptm/m/n/10 , \T1/ptm/m/it/10 in-ter_ve
l_all_t\T1/ptm/m/n/10 , \T1/ptm/m/it/10 in-ter_h_all_t\T1/ptm/m/n/10 ,
 []

[58]
Underfull \hbox (badness 10000) in paragraph at lines 5347--5347
[]\T1/ptm/m/it/10 path_hdf5\T1/ptm/m/n/10 , \T1/ptm/m/it/10 path_prj\T1/ptm/m/n
/10 , \T1/ptm/m/it/10 name_prj\T1/ptm/m/n/10 , \T1/ptm/m/it/10 sub_pg\T1/ptm/m/
n/10 , \T1/ptm/m/it/10 sub_dom\T1/ptm/m/n/10 ,
 []


Underfull \hbox (badness 10000) in paragraph at lines 5347--5347
\T1/ptm/m/it/10 ikle_sub=[]\T1/ptm/m/n/10 , \T1/ptm/m/it/10 co-ord_p=[]\T1/ptm/
m/n/10 , \T1/ptm/m/it/10 name_hdf5='`\T1/ptm/m/n/10 , \T1/ptm/m/it/10 con-st-su
b=False\T1/ptm/m/n/10 ,
 []

[59] [60] [61] [62] [63] [64]
Underfull \hbox (badness 10000) in paragraph at lines 5867--5867
[]\T1/ptm/m/it/10 coord_pro, nb_pro_reach=[0,
 []

[65]
Underfull \hbox (badness 10000) in paragraph at lines 5986--5986
[]\T1/ptm/m/it/10 p1sub, p2sub, lim_here, lim_by_reachr,
 []


Underfull \hbox (badness 10000) in paragraph at lines 6028--6028
[]\T1/ptm/m/it/10 coord_pro_p\T1/ptm/m/n/10 , \T1/ptm/m/it/10 vh_pro_t_p\T1/ptm
/m/n/10 ,
 []


Underfull \hbox (badness 10000) in paragraph at lines 6028--6028
\T1/ptm/m/it/10 point_mid_x\T1/ptm/m/n/10 , \T1/ptm/m/it/10 point_mid_y\T1/ptm/
m/n/10 ,
 []

[66]
Underfull \hbox (badness 10000) in paragraph at lines 6071--6071
[]\T1/ptm/m/it/10 vh_pro\T1/ptm/m/n/10 , \T1/ptm/m/it/10 co-ord_pro\T1/ptm/m/n/
10 , \T1/ptm/m/it/10 nb_pro_reach\T1/ptm/m/n/10 , \T1/ptm/m/it/10 in-terpo_choi
ce\T1/ptm/m/n/10 ,
 []


Underfull \hbox (badness 10000) in paragraph at lines 6110--6113
[]
 []

[67]
Underfull \hbox (badness 5878) in paragraph at lines 6229--6231
\T1/ptm/m/n/10 This fuc-n-tion is called by in-terp_weights(). It is used in th
e op-ti-miza-tion of the func-tion
 []

[68]
Underfull \hbox (badness 10000) in paragraph at lines 6355--6355
[]\T1/ptm/m/it/10 point_all\T1/ptm/m/n/10 , \T1/ptm/m/it/10 co-ord_c\T1/ptm/m/n
/10 , \T1/ptm/m/it/10 vel_in\T1/ptm/m/n/10 , \T1/ptm/m/it/10 height_in\T1/ptm/m
/n/10 ,
 []

[69]
Underfull \hbox (badness 10000) in paragraph at lines 6403--6403
[]\T1/ptm/m/it/10 point_all_reach\T1/ptm/m/n/10 , \T1/ptm/m/it/10 ikle_all\T1/p
tm/m/n/10 , \T1/ptm/m/it/10 lim_by_reach\T1/ptm/m/n/10 , \T1/ptm/m/it/10 hole_a
ll\T1/ptm/m/n/10 , \T1/ptm/m/it/10 over-lap\T1/ptm/m/n/10 ,
 []


Underfull \hbox (badness 10000) in paragraph at lines 6403--6403
\T1/ptm/m/it/10 point_c_all=[]\T1/ptm/m/n/10 , \T1/ptm/m/it/10 in-ter_vel_all=[
]\T1/ptm/m/n/10 , \T1/ptm/m/it/10 in-ter_h_all=[]\T1/ptm/m/n/10 , \T1/ptm/m/it/
10 path_im=[]\T1/ptm/m/n/10 ,
 []


Underfull \hbox (badness 10000) in paragraph at lines 6445--6445
[]\T1/ptm/m/it/10 point_all_reach\T1/ptm/m/n/10 , \T1/ptm/m/it/10 ikle_all\T1/p
tm/m/n/10 , \T1/ptm/m/it/10 fig_opt\T1/ptm/m/n/10 , \T1/ptm/m/it/10 in-ter_vel_
all=[]\T1/ptm/m/n/10 ,
 []


Underfull \hbox (badness 10000) in paragraph at lines 6445--6445
\T1/ptm/m/it/10 in-ter_h_all=[]\T1/ptm/m/n/10 , \T1/ptm/m/it/10 path_im=[]\T1/p
tm/m/n/10 , \T1/ptm/m/it/10 merge_case=False\T1/ptm/m/n/10 ,
 []

[70] [71] [72] [73] [74] [75] [76] [77]
Underfull \hbox (badness 10000) in paragraph at lines 7370--7370
[]\T1/ptm/m/it/10 path_hdf5\T1/ptm/m/n/10 , \T1/ptm/m/it/10 path_prj\T1/ptm/m/n
/10 , \T1/ptm/m/it/10 name_prj\T1/ptm/m/n/10 , \T1/ptm/m/it/10 name_bio\T1/ptm/
m/n/10 , \T1/ptm/m/it/10 path_bio\T1/ptm/m/n/10 , \T1/ptm/m/it/10 riv_name\T1/p
tm/m/n/10 ,
 []

[78]
Underfull \hbox (badness 10000) in paragraph at lines 7446--7446
\T1/ptm/m/it/10 at-tribute_type\T1/ptm/m/n/10 , \T1/ptm/m/it/10 nb_point=200\T1
/ptm/m/n/10 ,
 []

[79] [80] [81]
Underfull \hbox (badness 10000) in paragraph at lines 7773--7773
[]\T1/ptm/m/it/10 point_all_both_t\T1/ptm/m/n/10 , \T1/ptm/m/it/10 ikle_both_t\
T1/ptm/m/n/10 , \T1/ptm/m/it/10 path_im\T1/ptm/m/n/10 , \T1/ptm/m/it/10 ikle_or
r=[]\T1/ptm/m/n/10 ,
 []


Underfull \hbox (badness 10000) in paragraph at lines 7802--7802
[]\T1/ptm/m/it/10 ikle_sub\T1/ptm/m/n/10 , \T1/ptm/m/it/10 co-ord_p_sub\T1/ptm/
m/n/10 , \T1/ptm/m/it/10 ikle\T1/ptm/m/n/10 , \T1/ptm/m/it/10 co-ord_p\T1/ptm/m
/n/10 , \T1/ptm/m/it/10 data_sub_pg\T1/ptm/m/n/10 ,
 []

[82]
Underfull \hbox (badness 10000) in paragraph at lines 7980--7980
[]\T1/ptm/m/it/10 hdf5_name_hyd\T1/ptm/m/n/10 , \T1/ptm/m/it/10 hdf5_name_sub\T
1/ptm/m/n/10 , \T1/ptm/m/it/10 path_hdf5\T1/ptm/m/n/10 , \T1/ptm/m/it/10 de-
 []

[83] [84] [85] [86] [87] [88]
Underfull \hbox (badness 10000) in paragraph at lines 8571--8571
[]\T1/ptm/m/it/10 file_name_base\T1/ptm/m/n/10 , \T1/ptm/m/it/10 path_out\T1/pt
m/m/n/10 , \T1/ptm/m/it/10 path_hdf5\T1/ptm/m/n/10 , \T1/ptm/m/it/10 name_hdf5\
T1/ptm/m/n/10 ,
 []

[89] [90]
Chapter 5.
[91

] [92] [93] [94] [95] [96] [97] [98

]
Chapter 6.
[99] [100

] [101


] (HABBY.ind
Underfull \hbox (badness 10000) in paragraph at lines 9--11
[]\T1/ptm/m/n/10 add_all_tab() (src_GUI.Main_windows_1.CentralW
 []


Underfull \hbox (badness 10000) in paragraph at lines 11--13
[]\T1/ptm/m/n/10 add_file_river2d() (src_GUI.hydro_GUI_2.River2D
 []


Underfull \hbox (badness 10000) in paragraph at lines 13--15
[]\T1/ptm/m/n/10 add_file_to_list() (src_GUI.hydro_GUI_2.River2D
 []


Underfull \hbox (badness 10000) in paragraph at lines 15--17
[]\T1/ptm/m/n/10 add_fish() (src_GUI.estimhab_GUI.StatModUseful
 []


Underfull \hbox (badness 10000) in paragraph at lines 22--24
[]\T1/ptm/m/n/10 addtext() (src_GUI.Main_windows_1.EmptyTab
 []


Underfull \hbox (badness 10000) in paragraph at lines 41--43
[]\T1/ptm/m/n/10 change_folder() (src_GUI.estimhab_GUI.EstimhabW
 []


Overfull \hbox (7.57068pt too wide) in paragraph at lines 43--45
[]\T1/ptm/m/n/10 change_folder() (src_GUI.Main_windows_1.ShowImageW
 []


Underfull \hbox (badness 10000) in paragraph at lines 45--47
[]\T1/ptm/m/n/10 change_name (src_GUI.Main_windows_1.WelcomeW
 []


Overfull \hbox (39.95026pt too wide) in paragraph at lines 47--49
[]\T1/ptm/m/n/10 change_name_project() (src_GUI.Main_windows_1.MainWindows
 []


Underfull \hbox (badness 10000) in paragraph at lines 49--51
[]\T1/ptm/m/n/10 change_riv_type() (src_GUI.stathab_GUI.StathabW
 []


Underfull \hbox (badness 10000) in paragraph at lines 52--54
[]\T1/ptm/m/n/10 clear_log() (src_GUI.Main_windows_1.MainWindows
 []


Overfull \hbox (5.52032pt too wide) in paragraph at lines 54--56
[]\T1/ptm/m/n/10 close_project() (src_GUI.Main_windows_1.MainWindows
 []


Overfull \hbox (10.06024pt too wide) in paragraph at lines 60--62
[]\T1/ptm/m/n/10 connect_signal_log() (src_GUI.Main_windows_1.CentralW
 []


Underfull \hbox (badness 10000) in paragraph at lines 63--65
[]\T1/ptm/m/n/10 coord_profile_non_georeferenced() (in mod-ule
 []


Underfull \hbox (badness 10000) in paragraph at lines 70--72
[]\T1/ptm/m/n/10 create_default_figoption() (in mod-ule
 []


Underfull \hbox (badness 10000) in paragraph at lines 72--74
[]\T1/ptm/m/n/10 create_dummy_substrate() (in mod-ule
 []


Underfull \hbox (badness 10000) in paragraph at lines 74--76
[]\T1/ptm/m/n/10 create_dummy_substrate_from_hydro() (in mod-ule
 []


Underfull \hbox (badness 10000) in paragraph at lines 77--79
[]\T1/ptm/m/n/10 create_grid_only_1_profile() (in mod-ule
 []


Overfull \hbox (16.92102pt too wide) in paragraph at lines 94--96
[]\T1/ptm/m/n/10 dis_enable_nb_profile() (src_GUI.hydro_GUI_2.SubHydroW
 []

[102


]
Underfull \hbox (badness 10000) in paragraph at lines 104--106
[]\T1/ptm/m/n/10 do_log() (src_GUI.Main_windows_1.MainWindows
 []


Underfull \hbox (badness 10000) in paragraph at lines 106--108
[]\T1/ptm/m/n/10 drop_hydro (src_GUI.hydro_GUI_2.SubHydroW at-
 []


Underfull \hbox (badness 10000) in paragraph at lines 108--110
[]\T1/ptm/m/n/10 drop_merge (src_GUI.hydro_GUI_2.SubstrateW at-
 []


Overfull \hbox (9.97038pt too wide) in paragraph at lines 114--116
[]\T1/ptm/m/n/10 empty_project() (src_GUI.Main_windows_1.MainWindows
 []


Underfull \hbox (badness 10000) in paragraph at lines 119--121
[]\T1/ptm/m/n/10 erase_pict() (src_GUI.Main_windows_1.MainWindows
 []


Underfull \hbox (badness 10000) in paragraph at lines 141--143
[]\T1/ptm/m/n/10 find_path_hdf5() (src_GUI.hydro_GUI_2.SubHydroW
 []


Overfull \hbox (18.65009pt too wide) in paragraph at lines 143--145
[]\T1/ptm/m/n/10 find_path_hdf5_est() (src_GUI.estimhab_GUI.StatModUseful
 []


Underfull \hbox (badness 10000) in paragraph at lines 147--149
[]\T1/ptm/m/n/10 find_path_im() (src_GUI.hydro_GUI_2.SubHydroW
 []


Overfull \hbox (10.87991pt too wide) in paragraph at lines 149--151
[]\T1/ptm/m/n/10 find_path_im_est() (src_GUI.estimhab_GUI.StatModUseful
 []


Underfull \hbox (badness 10000) in paragraph at lines 151--153
[]\T1/ptm/m/n/10 find_path_input() (src_GUI.hydro_GUI_2.SubHydroW
 []


Overfull \hbox (20.87991pt too wide) in paragraph at lines 153--155
[]\T1/ptm/m/n/10 find_path_input_est() (src_GUI.estimhab_GUI.StatModUseful
 []


Overfull \hbox (25.87991pt too wide) in paragraph at lines 155--157
[]\T1/ptm/m/n/10 find_path_output_est() (src_GUI.estimhab_GUI.StatModUseful
 []


Overfull \hbox (15.16995pt too wide) in paragraph at lines 157--159
[]\T1/ptm/m/n/10 find_path_text_est() (src_GUI.estimhab_GUI.StatModUseful
 []


Underfull \hbox (badness 10000) in paragraph at lines 177--179
[]\T1/ptm/m/n/10 get_att_name() (src_GUI.hydro_GUI_2.SubstrateW
 []


Underfull \hbox (badness 10000) in paragraph at lines 179--181
[]\T1/ptm/m/n/10 get_attribute_from_shp()
 []


Underfull \hbox (badness 6658) in paragraph at lines 179--181
\T1/ptm/m/n/10 (src_GUI.hydro_GUI_2.SubstrateW method),
 []


Underfull \hbox (badness 10000) in paragraph at lines 181--183
[]\T1/ptm/m/n/10 get_crossing_segment_sub() (in mod-ule
 []


Overfull \hbox (9.94154pt too wide) in paragraph at lines 190--192
[]\T1/ptm/m/n/10 get_new_hydro_hdf5() (src_GUI.hydro_GUI_2.HabbyHdf5
 []


Underfull \hbox (badness 10000) in paragraph at lines 192--194
[]\T1/ptm/m/n/10 get_new_point_and_cell_1_profil() (in mod-ule
 []


Overfull \hbox (3.03125pt too wide) in paragraph at lines 210--212
[]\T1/ptm/m/n/10 gethdf5_name_gui() (src_GUI.hydro_GUI_2.SubHydroW
 []


Underfull \hbox (badness 10000) in paragraph at lines 214--216
[]\T1/ptm/m/n/10 getheaderintegersslf() (src.selafin_habby1.Selafin
 []


Underfull \hbox (badness 10000) in paragraph at lines 216--218
[]\T1/ptm/m/n/10 getheadermetadataslf() (src.selafin_habby1.Selafin
 []


Underfull \hbox (badness 10000) in paragraph at lines 224--226
[]\T1/ptm/m/n/10 give_info_model() (src_GUI.hydro_GUI_2.Hydro2W
 []

[103]
Underfull \hbox (badness 10000) in paragraph at lines 271--273
[]\T1/ptm/m/n/10 init_iu() (src_GUI.Main_windows_1.CreateNewProject
 []


Underfull \hbox (badness 10000) in paragraph at lines 275--277
[]\T1/ptm/m/n/10 init_iu() (src_GUI.Main_windows_1.ShowImageW
 []


Underfull \hbox (badness 10000) in paragraph at lines 277--279
[]\T1/ptm/m/n/10 init_iu() (src_GUI.Main_windows_1.WelcomeW
 []


Underfull \hbox (badness 10000) in paragraph at lines 283--285
[]\T1/ptm/m/n/10 init_ui() (src_GUI.Main_windows_1.MainWindows
 []


Underfull \hbox (badness 10000) in paragraph at lines 311--313
[]\T1/ptm/m/n/10 load_data_fstress() (src_GUI.fstress_GUI.FstressW
 []


Underfull \hbox (badness 10000) in paragraph at lines 320--322
[]\T1/ptm/m/n/10 load_from_txt_gui() (src_GUI.stathab_GUI.StathabW
 []


Underfull \hbox (badness 10000) in paragraph at lines 324--326
[]\T1/ptm/m/n/10 load_hdf5_fstress() (src_GUI.fstress_GUI.FstressW
 []


Overfull \hbox (3.04128pt too wide) in paragraph at lines 328--330
[]\T1/ptm/m/n/10 load_hec_2d_gui() (src_GUI.hydro_GUI_2.HEC_RAS2D
 []


Underfull \hbox (badness 10000) in paragraph at lines 331--333
[]\T1/ptm/m/n/10 load_hec_ras_2d_and_cut_grid() (in mod-ule
 []


Overfull \hbox (4.70107pt too wide) in paragraph at lines 333--335
[]\T1/ptm/m/n/10 load_hec_ras_gui() (src_GUI.hydro_GUI_2.HEC_RAS1D
 []


Overfull \hbox (5.11118pt too wide) in paragraph at lines 338--340
[]\T1/ptm/m/n/10 load_manning_text() (src_GUI.hydro_GUI_2.SubHydroW
 []


Underfull \hbox (badness 10000) in paragraph at lines 343--345
[]\T1/ptm/m/n/10 load_mascaret_and_create_grid() (in mod-ule
 []


Underfull \hbox (badness 10000) in paragraph at lines 345--347
[]\T1/ptm/m/n/10 load_mascaret_gui() (src_GUI.hydro_GUI_2.Mascaret
 []


Underfull \hbox (badness 10000) in paragraph at lines 356--358
[]\T1/ptm/m/n/10 load_river2d_gui() (src_GUI.hydro_GUI_2.River2D
 []


Underfull \hbox (badness 10000) in paragraph at lines 361--363
[]\T1/ptm/m/n/10 load_rubar1d() (src_GUI.hydro_GUI_2.Rubar1D
 []


Underfull \hbox (badness 10000) in paragraph at lines 368--370
[]\T1/ptm/m/n/10 load_stathab_from_hdf5() (src.stathab_c.Stathab
 []

[104]
Underfull \hbox (badness 10000) in paragraph at lines 373--375
[]\T1/ptm/m/n/10 load_sub_gui() (src_GUI.hydro_GUI_2.SubstrateW
 []


Underfull \hbox (badness 10000) in paragraph at lines 378--380
[]\T1/ptm/m/n/10 load_telemac_and_cut_grid() (in mod-ule
 []


Underfull \hbox (badness 10000) in paragraph at lines 417--419
[]\T1/ptm/m/n/10 modify_name() (src_GUI.fstress_GUI.FstressW
 []


Overfull \hbox (9.97066pt too wide) in paragraph at lines 419--421
[]\T1/ptm/m/n/10 my_menu_bar() (src_GUI.Main_windows_1.MainWindows
 []


Overfull \hbox (1.38057pt too wide) in paragraph at lines 426--428
[]\T1/ptm/m/n/10 new_project() (src_GUI.Main_windows_1.MainWindows
 []


Overfull \hbox (11.42021pt too wide) in paragraph at lines 432--434
[]\T1/ptm/m/n/10 open_estimhab_hdf5() (src_GUI.estimhab_GUI.EstimhabW
 []


Underfull \hbox (badness 10000) in paragraph at lines 439--441
[]\T1/ptm/m/n/10 open_hec_hec_ras_and_create_grid() (in mod-ule
 []


Underfull \hbox (badness 6542) in paragraph at lines 442--444
[]\T1/ptm/m/n/10 open_proj (src_GUI.Main_windows_1.WelcomeW at-
 []


Overfull \hbox (4.4106pt too wide) in paragraph at lines 444--446
[]\T1/ptm/m/n/10 open_project() (src_GUI.Main_windows_1.MainWindows
 []


Overfull \hbox (33.84027pt too wide) in paragraph at lines 446--448
[]\T1/ptm/m/n/10 open_recent_project() (src_GUI.Main_windows_1.MainWindows
 []


Underfull \hbox (badness 5050) in paragraph at lines 448--450
[]\T1/ptm/m/n/10 open_rech() (src_GUI.Main_windows_1.MainWindows
 []


Underfull \hbox (badness 10000) in paragraph at lines 462--464
[]\T1/ptm/m/n/10 pass_grid_cell_to_node_lin() (in mod-ule
 []


Underfull \hbox (badness 10000) in paragraph at lines 482--484
[]\T1/ptm/m/n/10 propose_next_file() (src_GUI.hydro_GUI_2.Rubar2D
 []


Underfull \hbox (badness 10000) in paragraph at lines 489--491
[]\T1/ptm/m/n/10 reach_selected() (src_GUI.stathab_GUI.StathabW
 []


Overfull \hbox (3.94087pt too wide) in paragraph at lines 491--493
[]\T1/ptm/m/n/10 read_attribute_xml() (src_GUI.hydro_GUI_2.SubHydroW
 []


Underfull \hbox (badness 10000) in paragraph at lines 496--498
[]\T1/ptm/m/n/10 remove_all_file() (src_GUI.hydro_GUI_2.River2D
 []

[105]
Underfull \hbox (badness 10000) in paragraph at lines 500--502
[]\T1/ptm/m/n/10 remove_fish() (src_GUI.estimhab_GUI.StatModUseful
 []


Underfull \hbox (badness 10000) in paragraph at lines 506--508
[]\T1/ptm/m/n/10 river_coord_non_georef_from_cas() (in mod-ule
 []


Underfull \hbox (badness 10000) in paragraph at lines 508--510
[]\T1/ptm/m/n/10 river_coord_non_georef_from_xcas() (in mod-ule
 []


Underfull \hbox (badness 10000) in paragraph at lines 512--514
[]\T1/ptm/m/n/10 run_estmihab() (src_GUI.estimhab_GUI.EstimhabW
 []


Underfull \hbox (badness 10000) in paragraph at lines 515--517
[]\T1/ptm/m/n/10 run_habitat_value() (src_GUI.bio_info_GUI.BioInfo
 []


Underfull \hbox (badness 10000) in paragraph at lines 517--519
[]\T1/ptm/m/n/10 run_stathab_gui() (src_GUI.stathab_GUI.StathabW
 []


Underfull \hbox (badness 10000) in paragraph at lines 519--521
[]\T1/ptm/m/n/10 runsave_fstress() (src_GUI.fstress_GUI.FstressW
 []


Underfull \hbox (badness 10000) in paragraph at lines 533--535
[]\T1/ptm/m/n/10 save_option_fig() (src_GUI.output_fig_GUI.outputW
 []


Overfull \hbox (10.0002pt too wide) in paragraph at lines 535--537
[]\T1/ptm/m/n/10 save_project (src_GUI.Main_windows_1.CreateNewProject
 []


Overfull \hbox (2.39058pt too wide) in paragraph at lines 537--539
[]\T1/ptm/m/n/10 save_project() (src_GUI.Main_windows_1.MainWindows
 []


Overfull \hbox (43.50003pt too wide) in paragraph at lines 539--541
[]\T1/ptm/m/n/10 save_project_estimhab() (src_GUI.Main_windows_1.MainWindows
 []


Underfull \hbox (badness 10000) in paragraph at lines 541--543
[]\T1/ptm/m/n/10 save_project_if_new_project()
 []


Underfull \hbox (badness 10000) in paragraph at lines 541--543
\T1/ptm/m/n/10 (src_GUI.Main_windows_1.MainWindows
 []


Underfull \hbox (badness 10000) in paragraph at lines 543--545
[]\T1/ptm/m/n/10 save_river_data() (src_GUI.fstress_GUI.FstressW
 []


Overfull \hbox (8.29994pt too wide) in paragraph at lines 547--549
[]\T1/ptm/m/n/10 save_signal_estimhab (src_GUI.estimhab_GUI.EstimhabW
 []


Underfull \hbox (badness 10000) in paragraph at lines 551--553
[]\T1/ptm/m/n/10 save_xml() (src_GUI.hydro_GUI_2.SubHydroW
 []


Underfull \hbox (badness 10000) in paragraph at lines 560--562
[]\T1/ptm/m/n/10 scrolldown() (src_GUI.Main_windows_1.CentralW
 []


Underfull \hbox (badness 10000) in paragraph at lines 569--571
[]\T1/ptm/m/n/10 selectionchange() (src_GUI.hydro_GUI_2.Hydro2W
 []


Overfull \hbox (14.24033pt too wide) in paragraph at lines 571--573
[]\T1/ptm/m/n/10 selectionchange() (src_GUI.Main_windows_1.ShowImageW
 []


Underfull \hbox (badness 10000) in paragraph at lines 573--575
[]\T1/ptm/m/n/10 send_data() (src_GUI.hydro_GUI_2.SubHydroW
 []


Underfull \hbox (badness 5652) in paragraph at lines 575--577
[]\T1/ptm/m/n/10 send_err_log() (src_GUI.estimhab_GUI.StatModUseful
 []


Underfull \hbox (badness 10000) in paragraph at lines 577--579
[]\T1/ptm/m/n/10 send_err_log() (src_GUI.hydro_GUI_2.SubHydroW
 []


Underfull \hbox (badness 10000) in paragraph at lines 579--581
[]\T1/ptm/m/n/10 send_err_log() (src_GUI.stathab_GUI.StathabW
 []


Underfull \hbox (badness 10000) in paragraph at lines 581--583
[]\T1/ptm/m/n/10 send_log (src_GUI.estimhab_GUI.StatModUseful
 []


Underfull \hbox (badness 10000) in paragraph at lines 591--593
[]\T1/ptm/m/n/10 send_log (src_GUI.Main_windows_1.WelcomeW at-
 []


Underfull \hbox (badness 6380) in paragraph at lines 597--599
[]\T1/ptm/m/n/10 send_merge_grid() (src_GUI.hydro_GUI_2.SubstrateW
 []


Overfull \hbox (1.46004pt too wide) in paragraph at lines 599--601
[]\T1/ptm/m/n/10 setfolder() (src_GUI.Main_windows_1.CreateNewProject
 []


Underfull \hbox (badness 10000) in paragraph at lines 601--603
[]\T1/ptm/m/n/10 setfolder() (src_GUI.Main_windows_1.WelcomeW
 []


Underfull \hbox (badness 10000) in paragraph at lines 603--605
[]\T1/ptm/m/n/10 setlangue() (src_GUI.Main_windows_1.MainWindows
 []


Underfull \hbox (badness 10000) in paragraph at lines 605--607
[]\T1/ptm/m/n/10 show_data_one_river() (src_GUI.fstress_GUI.FstressW
 []


Underfull \hbox (badness 10000) in paragraph at lines 607--609
[]\T1/ptm/m/n/10 show_dialog() (src_GUI.hydro_GUI_2.SubHydroW
 []


Underfull \hbox (badness 10000) in paragraph at lines 609--611
[]\T1/ptm/m/n/10 show_fig (src_GUI.estimhab_GUI.StatModUseful
 []

[106]
Underfull \hbox (badness 10000) in paragraph at lines 617--619
[]\T1/ptm/m/n/10 show_info_fish() (src_GUI.bio_info_GUI.BioInfo
 []


Underfull \hbox (badness 10000) in paragraph at lines 621--623
[]\T1/ptm/m/n/10 showfig() (src_GUI.Main_windows_1.CentralW
 []


Underfull \hbox (badness 10000) in paragraph at lines 623--625
[]\T1/ptm/m/n/10 showfig2() (src_GUI.Main_windows_1.CentralW
 []


Overfull \hbox (14.42021pt too wide) in paragraph at lines 668--670
[]\T1/ptm/m/n/10 test_entry_float() (src_GUI.Main_windows_1.MainWindows
 []


Underfull \hbox (badness 10000) in paragraph at lines 680--682
[]\T1/ptm/m/n/10 update_coord_pro_with_vh_pro() (in mod-ule
 []


Underfull \hbox (badness 10000) in paragraph at lines 682--684
[]\T1/ptm/m/n/10 update_hydro_hdf5_name()
 []


Underfull \hbox (badness 10000) in paragraph at lines 682--684
\T1/ptm/m/n/10 (src_GUI.Main_windows_1.CentralW
 []


Underfull \hbox (badness 10000) in paragraph at lines 684--686
[]\T1/ptm/m/n/10 update_list_riv() (src_GUI.fstress_GUI.FstressW
 []


Underfull \hbox (badness 10000) in paragraph at lines 686--688
[]\T1/ptm/m/n/10 update_merge_list() (src_GUI.bio_info_GUI.BioInfo
 []


Overfull \hbox (14.2506pt too wide) in paragraph at lines 688--690
[]\T1/ptm/m/n/10 update_namefig() (src_GUI.Main_windows_1.ShowImageW
 []


Underfull \hbox (badness 10000) in paragraph at lines 691--693
[]\T1/ptm/m/n/10 update_sub_hdf5_name()
 []


Underfull \hbox (badness 6658) in paragraph at lines 691--693
\T1/ptm/m/n/10 (src_GUI.hydro_GUI_2.SubstrateW method),
 []


Underfull \hbox (badness 10000) in paragraph at lines 696--698
[]\T1/ptm/m/n/10 was_loaded_before() (src_GUI.fstress_GUI.FstressW
 []


Underfull \hbox (badness 10000) in paragraph at lines 698--700
[]\T1/ptm/m/n/10 was_model_loaded_before()
 []


Underfull \hbox (badness 10000) in paragraph at lines 701--703
[]\T1/ptm/m/n/10 write_log() (src_GUI.Main_windows_1.CentralW
 []


Underfull \hbox (badness 10000) in paragraph at lines 703--705
[]\T1/ptm/m/n/10 write_log_file() (src_GUI.Main_windows_1.CentralW
 []

[107])
Package atveryend Info: Empty hook `BeforeClearDocument' on input line 9265.
Package atveryend Info: Empty hook `AfterLastShipout' on input line 9265.
 (HABBY.aux)
Package atveryend Info: Executing hook `AtVeryEndDocument' on input line 9265.
Package atveryend Info: Executing hook `AtEndAfterFileList' on input line 9265.

Package rerunfilecheck Info: File `HABBY.out' has not changed.
(rerunfilecheck)             Checksum: 813759CB4CB4AADD59C11BAF14BE878F;6783.
Package atveryend Info: Empty hook `AtVeryVeryEnd' on input line 9265.
 ) 
Here is how much of TeX's memory you used:
 14502 strings out of 493634
 210740 string characters out of 3143711
 299583 words of memory out of 3000000
 17007 multiletter control sequences out of 15000+200000
 47711 words of font info for 67 fonts, out of 3000000 for 9000
 1026 hyphenation exceptions out of 8191
 37i,12n,51p,670b,625s stack positions out of 5000i,500n,10000p,200000b,50000s
{C:/Program Files/MiKTeX 2.9/fonts/enc/dvips/fontname/8r.enc}<C:/Program File
s/MiKTeX 2.9/fonts/type1/urw/courier/ucrb8a.pfb><C:/Program Files/MiKTeX 2.9/fo
nts/type1/urw/courier/ucrr8a.pfb><C:/Program Files/MiKTeX 2.9/fonts/type1/urw/c
ourier/ucrro8a.pfb><C:/Program Files/MiKTeX 2.9/fonts/type1/urw/helvetic/uhvb8a
.pfb><C:/Program Files/MiKTeX 2.9/fonts/type1/urw/helvetic/uhvbo8a.pfb><C:/Prog
ram Files/MiKTeX 2.9/fonts/type1/urw/helvetic/uhvr8a.pfb><C:/Program Files/MiKT
eX 2.9/fonts/type1/urw/times/utmb8a.pfb><C:/Program Files/MiKTeX 2.9/fonts/type
1/urw/times/utmr8a.pfb><C:/Program Files/MiKTeX 2.9/fonts/type1/urw/times/utmri
8a.pfb>
Output written on HABBY.pdf (111 pages, 569733 bytes).
PDF statistics:
 1732 PDF objects out of 2073 (max. 8388607)
 573 named destinations out of 1000 (max. 500000)
 373 words of extra memory for PDF output out of 10000 (max. 10000000)

