\BOOKMARK [0][-]{chapter.1}{\376\377\000H\000o\000w\000\040\000t\000o\000\040\000e\000x\000e\000c\000u\000t\000e\000\040\000H\000A\000B\000B\000Y}{}% 1
\BOOKMARK [0][-]{chapter.2}{\376\377\000M\000a\000i\000n\000\050\000\040\000\051\000\040\000a\000n\000d\000\040\000s\000o\000u\000r\000c\000e\000\040\000c\000o\000d\000e}{}% 2
\BOOKMARK [0][-]{chapter.3}{\376\377\000G\000r\000a\000p\000h\000i\000c\000a\000l\000\040\000i\000n\000t\000e\000r\000f\000a\000c\000e}{}% 3
\BOOKMARK [1][-]{section.3.1}{\376\377\000M\000a\000i\000n\000\137\000w\000i\000n\000d\000o\000w\000s\000\040\000o\000f\000\040\000H\000A\000B\000B\000Y}{chapter.3}% 4
\BOOKMARK [1][-]{section.3.2}{\376\377\000H\000y\000d\000r\000o\000l\000o\000g\000i\000c\000a\000l\000\040\000i\000n\000f\000o\000r\000m\000a\000t\000i\000o\000n\000\040\000-\000\040\000G\000U\000I}{chapter.3}% 5
\BOOKMARK [1][-]{section.3.3}{\376\377\000F\000i\000g\000u\000r\000e\000\040\000O\000p\000t\000i\000o\000n\000\040\000-\000\040\000G\000U\000I}{chapter.3}% 6
\BOOKMARK [1][-]{section.3.4}{\376\377\000T\000h\000e\000\040\000S\000t\000a\000t\000h\000a\000b\000\040\000m\000o\000d\000e\000l\000\040\000-\000\040\000G\000U\000I}{chapter.3}% 7
\BOOKMARK [1][-]{section.3.5}{\376\377\000F\000S\000t\000r\000e\000s\000s\000\040\000m\000o\000d\000e\000l\000\040\000-\000\040\000G\000U\000I}{chapter.3}% 8
\BOOKMARK [1][-]{section.3.6}{\376\377\000E\000s\000t\000i\000m\000h\000a\000b\000\040\000-\000\040\000G\000U\000I}{chapter.3}% 9
\BOOKMARK [1][-]{section.3.7}{\376\377\000I\000n\000f\000o\000r\000m\000a\000t\000i\000o\000n\000\040\000B\000i\000o\000l\000o\000g\000i\000c\000a\000l\000\040\000a\000n\000d\000\040\000R\000u\000n\000\040\000h\000a\000b\000i\000t\000a\000t}{chapter.3}% 10
\BOOKMARK [2][-]{subsection.3.7.1}{\376\377\000B\000i\000o\000l\000o\000g\000i\000c\000a\000l\000\040\000d\000a\000t\000a\000\040\000-\000\040\000E\000s\000t\000i\000m\000h\000a\000b}{section.3.7}% 11
\BOOKMARK [0][-]{chapter.4}{\376\377\000C\000a\000l\000c\000u\000l\000a\000t\000i\000o\000n\000\040\000o\000f\000\040\000f\000i\000s\000h\000'\000s\000\040\000h\000a\000b\000i\000t\000a\000t}{}% 12
\BOOKMARK [1][-]{section.4.1}{\376\377\000H\000e\000c\000-\000r\000a\000s\000\040\000m\000o\000d\000e\000l\000\040\0001\000D}{chapter.4}% 13
\BOOKMARK [2][-]{subsection.4.1.1}{\376\377\000N\000o\000t\000e\000s\000\040\000o\000n\000\040\000h\000e\000c\000-\000r\000a\000s\000\040\000o\000u\000t\000p\000u\000t\000s}{section.4.1}% 14
\BOOKMARK [1][-]{section.4.2}{\376\377\000H\000e\000c\000-\000r\000a\000s\000\040\000m\000o\000d\000e\000l\000\040\0002\000D}{chapter.4}% 15
\BOOKMARK [1][-]{section.4.3}{\376\377\000M\000a\000s\000c\000a\000r\000e\000t}{chapter.4}% 16
\BOOKMARK [1][-]{section.4.4}{\376\377\000R\000i\000v\000e\000r\000\040\0002\000D}{chapter.4}% 17
\BOOKMARK [1][-]{section.4.5}{\376\377\000R\000u\000b\000a\000r}{chapter.4}% 18
\BOOKMARK [1][-]{section.4.6}{\376\377\000T\000e\000l\000e\000m\000a\000c}{chapter.4}% 19
\BOOKMARK [1][-]{section.4.7}{\376\377\000L\000A\000M\000M\000I}{chapter.4}% 20
\BOOKMARK [1][-]{section.4.8}{\376\377\000L\000o\000a\000d\000\040\000H\000A\000B\000B\000Y\000\040\000h\000d\000f\0005\000\040\000f\000i\000l\000e}{chapter.4}% 21
\BOOKMARK [2][-]{subsection.4.8.1}{\376\377\000F\000o\000r\000m\000\040\000o\000f\000\040\000t\000h\000e\000\040\000h\000d\000f\0005\000\040\000f\000i\000l\000e\000s}{section.4.8}% 22
\BOOKMARK [1][-]{section.4.9}{\376\377\000V\000e\000l\000o\000c\000i\000t\000y\000\040\000d\000i\000s\000t\000r\000i\000b\000u\000t\000i\000o\000n}{chapter.4}% 23
\BOOKMARK [1][-]{section.4.10}{\376\377\000C\000r\000e\000a\000t\000e\000\040\000a\000\040\000g\000r\000i\000d}{chapter.4}% 24
\BOOKMARK [1][-]{section.4.11}{\376\377\000E\000s\000t\000i\000m\000h\000a\000b\000\040\000-\000s\000o\000u\000r\000c\000e}{chapter.4}% 25
\BOOKMARK [1][-]{section.4.12}{\376\377\000S\000t\000a\000t\000h\000a\000b\000\040\000-\000\040\000s\000o\000u\000r\000c\000e}{chapter.4}% 26
\BOOKMARK [1][-]{section.4.13}{\376\377\000F\000S\000t\000r\000e\000s\000s\000\040\000-\000\040\000s\000o\000u\000r\000c\000e}{chapter.4}% 27
\BOOKMARK [1][-]{section.4.14}{\376\377\000S\000u\000b\000s\000t\000r\000a\000t\000e}{chapter.4}% 28
\BOOKMARK [2][-]{subsection.4.14.1}{\376\377\000D\000e\000s\000c\000r\000i\000p\000t\000i\000o\000n\000\040\000o\000f\000\040\000s\000u\000b\000s\000t\000r\000a\000t\000e\000\040\000c\000o\000d\000e}{section.4.14}% 29
\BOOKMARK [2][-]{subsection.4.14.2}{\376\377\000D\000e\000s\000c\000r\000i\000p\000t\000i\000o\000n\000\040\000o\000f\000\040\000t\000h\000e\000\040\000f\000o\000r\000m\000a\000t\000\040\000o\000f\000\040\000t\000h\000e\000\040\000s\000u\000b\000s\000t\000r\000a\000t\000e\000\040\000i\000n\000p\000u\000t}{section.4.14}% 30
\BOOKMARK [1][-]{section.4.15}{\376\377\000M\000e\000r\000g\000e\000\040\000t\000h\000e\000\040\000g\000r\000i\000d}{chapter.4}% 31
\BOOKMARK [1][-]{section.4.16}{\376\377\000B\000i\000o\000l\000o\000g\000i\000c\000a\000l\000\040\000I\000n\000f\000o}{chapter.4}% 32
\BOOKMARK [1][-]{section.4.17}{\376\377\000C\000a\000l\000c\000u\000l\000a\000t\000i\000o\000n\000\040\000h\000a\000b\000i\000t\000a\000t}{chapter.4}% 33
\BOOKMARK [1][-]{section.4.18}{\376\377\000C\000r\000e\000a\000t\000e\000\040\000P\000a\000r\000a\000v\000i\000e\000w\000\040\000F\000i\000l\000e\000s}{chapter.4}% 34
\BOOKMARK [1][-]{section.4.19}{\376\377\000F\000u\000n\000c\000t\000i\000o\000n\000\040\000f\000o\000r\000\040\000t\000h\000e\000\040\000c\000o\000m\000m\000a\000n\000d\000\040\000l\000i\000n\000e\000s}{chapter.4}% 35
\BOOKMARK [0][-]{chapter.5}{\376\377\000V\000a\000r\000i\000o\000u\000s\000\040\000n\000o\000t\000e\000s}{}% 36
\BOOKMARK [1][-]{section.5.1}{\376\377\000F\000i\000g\000u\000r\000e\000s\000\040\000a\000n\000d\000\040\000m\000a\000t\000p\000l\000o\000t\000l\000i\000b}{chapter.5}% 37
\BOOKMARK [1][-]{section.5.2}{\376\377\000T\000r\000a\000n\000s\000l\000a\000t\000i\000o\000n\000\040\000o\000f\000\040\000H\000A\000B\000B\000Y}{chapter.5}% 38
\BOOKMARK [1][-]{section.5.3}{\376\377\000C\000r\000e\000a\000t\000e\000\040\000a\000\040\000.\000e\000x\000e}{chapter.5}% 39
\BOOKMARK [1][-]{section.5.4}{\376\377\000L\000o\000g\000g\000i\000n\000g}{chapter.5}% 40
\BOOKMARK [1][-]{section.5.5}{\376\377\000G\000i\000t\000\040\000-\000\040\000c\000o\000d\000e\000\040\000m\000a\000n\000a\000g\000e\000m\000e\000n\000t}{chapter.5}% 41
\BOOKMARK [1][-]{section.5.6}{\376\377\000T\000e\000s\000t\000\040\000H\000A\000B\000B\000Y}{chapter.5}% 42
\BOOKMARK [1][-]{section.5.7}{\376\377\000W\000r\000i\000t\000e\000\040\000t\000h\000e\000\040\000d\000o\000c\000u\000m\000e\000n\000t\000a\000t\000i\000o\000n}{chapter.5}% 43
\BOOKMARK [1][-]{section.5.8}{\376\377\000L\000i\000c\000e\000n\000s\000e\000\040\000o\000f\000\040\000u\000s\000e\000d\000\040\000p\000y\000t\000h\000o\000n\000\040\000m\000o\000d\000u\000l\000e\000s}{chapter.5}% 44
\BOOKMARK [0][-]{chapter.6}{\376\377\000I\000n\000d\000i\000c\000e\000s\000\040\000a\000n\000d\000\040\000t\000a\000b\000l\000e\000s}{}% 45
\BOOKMARK [0][-]{section*.478}{\376\377\000P\000y\000t\000h\000o\000n\000\040\000M\000o\000d\000u\000l\000e\000\040\000I\000n\000d\000e\000x}{}% 46
